[3/2/2026, 8:42:29 AM] New client connected from unknown 
[3/2/2026, 8:42:29 AM] Received: listCommands  from unknown
[3/2/2026, 8:42:29 AM] got gamestate for bear
[3/2/2026, 8:42:29 AM] added a client record  for 
[3/2/2026, 8:42:29 AM] data type listCommands
[3/2/2026, 8:42:29 AM] [CHIEF CHECK] Player: "", HasGameState: true, HasPopulation: true 
[3/2/2026, 8:42:29 AM] [REF CHECK] Player "" isRef:  
[3/2/2026, 8:42:29 AM] [CHIEF CHECK] Final isChief status: false 
[3/2/2026, 8:42:29 AM] [CHIEF CHECK] Filtered out 12 chief commands, sending 43 total commands 
[3/2/2026, 8:42:29 AM] [REF CHECK] Filtered out force options from 4 commands 
[3/2/2026, 8:42:30 AM] Received: helpRequest  from kevinmitcham
[3/2/2026, 8:42:30 AM] got gamestate for bug
[3/2/2026, 8:42:30 AM] added a client record  for kevinmitcham
[3/2/2026, 8:42:30 AM] data type helpRequest
[3/2/2026, 8:49:42 AM] New client connected from unknown 
[3/2/2026, 8:49:42 AM] Received: registerRequest  from kevinmitcham
[3/2/2026, 8:49:42 AM] got gamestate for bug
[3/2/2026, 8:49:42 AM] added a client record  for kevinmitcham
[3/2/2026, 8:49:42 AM] data type registerRequest
[3/2/2026, 8:49:42 AM] [SESSION] Created session for kevinmitcham from unknown 
[3/2/2026, 8:49:42 AM] Client disconnected: kevinmitcham 
[3/2/2026, 8:52:31 AM] Loaded command: exportgame (admin) 
[3/2/2026, 8:52:32 AM] Loaded command: importgame (admin) 
[3/2/2026, 8:52:32 AM] Loaded command: join (admin) 
[3/2/2026, 8:52:32 AM] Loaded command: secrets (admin) 
[3/2/2026, 8:52:32 AM] Loaded command: specialize (admin) 
[3/2/2026, 8:52:32 AM] Loaded command: vote (admin) 
[3/2/2026, 8:52:32 AM] Loaded command: banish (chief) 
[3/2/2026, 8:52:32 AM] Loaded command: chance (chief) 
[3/2/2026, 8:52:32 AM] Loaded command: close (chief) 
[3/2/2026, 8:52:32 AM] Loaded command: decree (chief) 
[3/2/2026, 8:52:32 AM] Loaded command: endgame (chief) 
[3/2/2026, 8:52:32 AM] Loaded command: induct (chief) 
[3/2/2026, 8:52:32 AM] Loaded command: migrate (chief) 
[3/2/2026, 8:52:32 AM] Loaded command: open (chief) 
[3/2/2026, 8:52:32 AM] Loaded command: skip (chief) 
[3/2/2026, 8:52:32 AM] Loaded command: startfood (chief) 
[3/2/2026, 8:52:32 AM] Loaded command: startreproduction (chief) 
[3/2/2026, 8:52:32 AM] Loaded command: startwork (chief) 
[3/2/2026, 8:52:32 AM] Loaded command: attack (conflict) 
[3/2/2026, 8:52:32 AM] Loaded command: defend (conflict) 
[3/2/2026, 8:52:32 AM] Loaded command: demand (conflict) 
[3/2/2026, 8:52:32 AM] Loaded command: faction (conflict) 
[3/2/2026, 8:52:32 AM] Loaded command: run (conflict) 
[3/2/2026, 8:52:32 AM] Loaded command: give (general) 
[3/2/2026, 8:52:32 AM] Loaded command: graveyard (general) 
[3/2/2026, 8:52:32 AM] Loaded command: help (general) 
[3/2/2026, 8:52:32 AM] Loaded command: history (general) 
[3/2/2026, 8:52:32 AM] Loaded command: inventory (general) 
[3/2/2026, 8:52:32 AM] Loaded command: jerky (general) 
[3/2/2026, 8:52:32 AM] Loaded command: law (general) 
[3/2/2026, 8:52:32 AM] Loaded command: ping (general) 
[3/2/2026, 8:52:32 AM] Loaded command: rollsomedice (general) 
[3/2/2026, 8:52:32 AM] Loaded command: sacrifice (general) 
[3/2/2026, 8:52:32 AM] Loaded command: scout (general) 
[3/2/2026, 8:52:32 AM] Loaded command: status (general) 
[3/2/2026, 8:52:32 AM] Loaded command: babysit (reproduction) 
[3/2/2026, 8:52:32 AM] Loaded command: checkmating (reproduction) 
[3/2/2026, 8:52:32 AM] Loaded command: children (reproduction) 
[3/2/2026, 8:52:32 AM] Loaded command: consent (reproduction) 
[3/2/2026, 8:52:32 AM] Loaded command: decline (reproduction) 
[3/2/2026, 8:52:32 AM] Loaded command: invite (reproduction) 
[3/2/2026, 8:52:32 AM] Loaded command: pass (reproduction) 
[3/2/2026, 8:52:32 AM] Loaded command: romance (reproduction) 
[3/2/2026, 8:52:32 AM] Loaded command: scorechildren (reproduction) 
[3/2/2026, 8:52:32 AM] Loaded command: feed (rounds) 
[3/2/2026, 8:52:32 AM] Loaded command: foodcheck (rounds) 
[3/2/2026, 8:52:32 AM] Loaded command: leastguarded (rounds) 
[3/2/2026, 8:52:32 AM] Loaded command: ready (rounds) 
[3/2/2026, 8:52:32 AM] Loaded command: craft (work) 
[3/2/2026, 8:52:32 AM] Loaded command: gather (work) 
[3/2/2026, 8:52:32 AM] Loaded command: guard (work) 
[3/2/2026, 8:52:32 AM] Loaded command: hunt (work) 
[3/2/2026, 8:52:32 AM] Loaded command: idle (work) 
[3/2/2026, 8:52:32 AM] Loaded command: ignore (work) 
[3/2/2026, 8:52:32 AM] Loaded command: train (work) 
[3/2/2026, 8:52:32 AM] Tribes server (WebSocket + HTTP) started on port 8000 
[3/2/2026, 8:52:32 AM] Local access: 
[3/2/2026, 8:52:32 AM]   Health check: http://localhost:8000/health 
[3/2/2026, 8:52:32 AM]   Game interface: http://localhost:8000/ 
[3/2/2026, 8:52:32 AM] Network access: 
[3/2/2026, 8:52:32 AM]   Health check: http://192.168.1.20:8000/health 
[3/2/2026, 8:52:32 AM]   Game interface: http://192.168.1.20:8000/ 
[3/2/2026, 8:52:32 AM] Share the network URL with others on your local network! 
[3/2/2026, 12:28:53 PM] Loaded command: exportgame (admin) 
[3/2/2026, 12:28:53 PM] Loaded command: importgame (admin) 
[3/2/2026, 12:28:54 PM] Loaded command: join (admin) 
[3/2/2026, 12:28:54 PM] Loaded command: secrets (admin) 
[3/2/2026, 12:28:54 PM] Loaded command: specialize (admin) 
[3/2/2026, 12:28:54 PM] Loaded command: vote (admin) 
[3/2/2026, 12:28:54 PM] Loaded command: banish (chief) 
[3/2/2026, 12:28:54 PM] Loaded command: chance (chief) 
[3/2/2026, 12:28:54 PM] Loaded command: close (chief) 
[3/2/2026, 12:28:54 PM] Loaded command: decree (chief) 
[3/2/2026, 12:28:54 PM] Loaded command: endgame (chief) 
[3/2/2026, 12:28:54 PM] Loaded command: induct (chief) 
[3/2/2026, 12:28:54 PM] Loaded command: migrate (chief) 
[3/2/2026, 12:28:54 PM] Loaded command: open (chief) 
[3/2/2026, 12:28:54 PM] Loaded command: skip (chief) 
[3/2/2026, 12:28:54 PM] Loaded command: startfood (chief) 
[3/2/2026, 12:28:54 PM] Loaded command: startreproduction (chief) 
[3/2/2026, 12:28:54 PM] Loaded command: startwork (chief) 
[3/2/2026, 12:28:54 PM] Loaded command: attack (conflict) 
[3/2/2026, 12:28:54 PM] Loaded command: defend (conflict) 
[3/2/2026, 12:28:54 PM] Loaded command: demand (conflict) 
[3/2/2026, 12:28:54 PM] Loaded command: faction (conflict) 
[3/2/2026, 12:28:54 PM] Loaded command: run (conflict) 
[3/2/2026, 12:28:54 PM] Loaded command: give (general) 
[3/2/2026, 12:28:54 PM] Loaded command: graveyard (general) 
[3/2/2026, 12:28:54 PM] Loaded command: help (general) 
[3/2/2026, 12:28:54 PM] Loaded command: history (general) 
[3/2/2026, 12:28:54 PM] Loaded command: inventory (general) 
[3/2/2026, 12:28:54 PM] Loaded command: jerky (general) 
[3/2/2026, 12:28:54 PM] Loaded command: law (general) 
[3/2/2026, 12:28:54 PM] Loaded command: ping (general) 
[3/2/2026, 12:28:54 PM] Loaded command: rollsomedice (general) 
[3/2/2026, 12:28:54 PM] Loaded command: sacrifice (general) 
[3/2/2026, 12:28:54 PM] Loaded command: scout (general) 
[3/2/2026, 12:28:54 PM] Loaded command: status (general) 
[3/2/2026, 12:28:54 PM] Loaded command: babysit (reproduction) 
[3/2/2026, 12:28:54 PM] Loaded command: checkmating (reproduction) 
[3/2/2026, 12:28:54 PM] Loaded command: children (reproduction) 
[3/2/2026, 12:28:54 PM] Loaded command: consent (reproduction) 
[3/2/2026, 12:28:54 PM] Loaded command: decline (reproduction) 
[3/2/2026, 12:28:54 PM] Loaded command: invite (reproduction) 
[3/2/2026, 12:28:54 PM] Loaded command: pass (reproduction) 
[3/2/2026, 12:28:54 PM] Loaded command: romance (reproduction) 
[3/2/2026, 12:28:54 PM] Loaded command: scorechildren (reproduction) 
[3/2/2026, 12:28:54 PM] Loaded command: feed (rounds) 
[3/2/2026, 12:28:54 PM] Loaded command: foodcheck (rounds) 
[3/2/2026, 12:28:54 PM] Loaded command: leastguarded (rounds) 
[3/2/2026, 12:28:54 PM] Loaded command: ready (rounds) 
[3/2/2026, 12:28:54 PM] Loaded command: craft (work) 
[3/2/2026, 12:28:54 PM] Loaded command: gather (work) 
[3/2/2026, 12:28:54 PM] Loaded command: guard (work) 
[3/2/2026, 12:28:54 PM] Loaded command: hunt (work) 
[3/2/2026, 12:28:54 PM] Loaded command: idle (work) 
[3/2/2026, 12:28:54 PM] Loaded command: ignore (work) 
[3/2/2026, 12:28:54 PM] Loaded command: train (work) 
[3/2/2026, 12:28:54 PM] Tribes server (WebSocket + HTTP) started on port 8000 
[3/2/2026, 12:28:54 PM] Local access: 
[3/2/2026, 12:28:54 PM]   Health check: http://localhost:8000/health 
[3/2/2026, 12:28:54 PM]   Game interface: http://localhost:8000/ 
[3/2/2026, 12:28:54 PM] Network access: 
[3/2/2026, 12:28:54 PM]   Health check: http://192.168.1.20:8000/health 
[3/2/2026, 12:28:54 PM]   Game interface: http://192.168.1.20:8000/ 
[3/2/2026, 12:28:54 PM] Share the network URL with others on your local network! 
[3/2/2026, 12:29:22 PM] Loaded command: exportgame (admin) 
[3/2/2026, 12:29:22 PM] Loaded command: importgame (admin) 
[3/2/2026, 12:29:22 PM] Loaded command: join (admin) 
[3/2/2026, 12:29:22 PM] Loaded command: secrets (admin) 
[3/2/2026, 12:29:22 PM] Loaded command: specialize (admin) 
[3/2/2026, 12:29:22 PM] Loaded command: vote (admin) 
[3/2/2026, 12:29:22 PM] Loaded command: banish (chief) 
[3/2/2026, 12:29:22 PM] Loaded command: chance (chief) 
[3/2/2026, 12:29:22 PM] Loaded command: close (chief) 
[3/2/2026, 12:29:22 PM] Loaded command: decree (chief) 
[3/2/2026, 12:29:22 PM] Loaded command: endgame (chief) 
[3/2/2026, 12:29:22 PM] Loaded command: induct (chief) 
[3/2/2026, 12:29:22 PM] Loaded command: migrate (chief) 
[3/2/2026, 12:29:22 PM] Loaded command: open (chief) 
[3/2/2026, 12:29:22 PM] Loaded command: skip (chief) 
[3/2/2026, 12:29:22 PM] Loaded command: startfood (chief) 
[3/2/2026, 12:29:22 PM] Loaded command: startreproduction (chief) 
[3/2/2026, 12:29:22 PM] Loaded command: startwork (chief) 
[3/2/2026, 12:29:22 PM] Loaded command: attack (conflict) 
[3/2/2026, 12:29:22 PM] Loaded command: defend (conflict) 
[3/2/2026, 12:29:22 PM] Loaded command: demand (conflict) 
[3/2/2026, 12:29:22 PM] Loaded command: faction (conflict) 
[3/2/2026, 12:29:22 PM] Loaded command: run (conflict) 
[3/2/2026, 12:29:22 PM] Loaded command: give (general) 
[3/2/2026, 12:29:22 PM] Loaded command: graveyard (general) 
[3/2/2026, 12:29:22 PM] Loaded command: help (general) 
[3/2/2026, 12:29:22 PM] Loaded command: history (general) 
[3/2/2026, 12:29:22 PM] Loaded command: inventory (general) 
[3/2/2026, 12:29:22 PM] Loaded command: jerky (general) 
[3/2/2026, 12:29:22 PM] Loaded command: law (general) 
[3/2/2026, 12:29:22 PM] Loaded command: ping (general) 
[3/2/2026, 12:29:22 PM] Loaded command: rollsomedice (general) 
[3/2/2026, 12:29:22 PM] Loaded command: sacrifice (general) 
[3/2/2026, 12:29:22 PM] Loaded command: scout (general) 
[3/2/2026, 12:29:22 PM] Loaded command: status (general) 
[3/2/2026, 12:29:22 PM] Loaded command: babysit (reproduction) 
[3/2/2026, 12:29:22 PM] Loaded command: checkmating (reproduction) 
[3/2/2026, 12:29:22 PM] Loaded command: children (reproduction) 
[3/2/2026, 12:29:22 PM] Loaded command: consent (reproduction) 
[3/2/2026, 12:29:22 PM] Loaded command: decline (reproduction) 
[3/2/2026, 12:29:22 PM] Loaded command: invite (reproduction) 
[3/2/2026, 12:29:22 PM] Loaded command: pass (reproduction) 
[3/2/2026, 12:29:22 PM] Loaded command: romance (reproduction) 
[3/2/2026, 12:29:22 PM] Loaded command: scorechildren (reproduction) 
[3/2/2026, 12:29:22 PM] Loaded command: feed (rounds) 
[3/2/2026, 12:29:22 PM] Loaded command: foodcheck (rounds) 
[3/2/2026, 12:29:22 PM] Loaded command: leastguarded (rounds) 
[3/2/2026, 12:29:22 PM] Loaded command: ready (rounds) 
[3/2/2026, 12:29:22 PM] Loaded command: craft (work) 
[3/2/2026, 12:29:22 PM] Loaded command: gather (work) 
[3/2/2026, 12:29:22 PM] Loaded command: guard (work) 
[3/2/2026, 12:29:22 PM] Loaded command: hunt (work) 
[3/2/2026, 12:29:22 PM] Loaded command: idle (work) 
[3/2/2026, 12:29:22 PM] Loaded command: ignore (work) 
[3/2/2026, 12:29:22 PM] Loaded command: train (work) 
