[3/1/2026, 12:44:37 PM] Loaded command: exportgame (admin) 
[3/1/2026, 12:44:37 PM] Loaded command: importgame (admin) 
[3/1/2026, 12:44:37 PM] Loaded command: join (admin) 
[3/1/2026, 12:44:37 PM] Loaded command: secrets (admin) 
[3/1/2026, 12:44:37 PM] Loaded command: specialize (admin) 
[3/1/2026, 12:44:37 PM] Loaded command: vote (admin) 
[3/1/2026, 12:44:37 PM] Loaded command: banish (chief) 
[3/1/2026, 12:44:37 PM] Loaded command: chance (chief) 
[3/1/2026, 12:44:37 PM] Loaded command: close (chief) 
[3/1/2026, 12:44:37 PM] Loaded command: decree (chief) 
[3/1/2026, 12:44:37 PM] Loaded command: endgame (chief) 
[3/1/2026, 12:44:37 PM] Loaded command: induct (chief) 
[3/1/2026, 12:44:37 PM] Loaded command: migrate (chief) 
[3/1/2026, 12:44:37 PM] Loaded command: open (chief) 
[3/1/2026, 12:44:37 PM] Loaded command: skip (chief) 
[3/1/2026, 12:44:37 PM] Loaded command: startfood (chief) 
[3/1/2026, 12:44:37 PM] Loaded command: startreproduction (chief) 
[3/1/2026, 12:44:37 PM] Loaded command: startwork (chief) 
[3/1/2026, 12:44:37 PM] Loaded command: attack (conflict) 
[3/1/2026, 12:44:37 PM] Loaded command: defend (conflict) 
[3/1/2026, 12:44:37 PM] Loaded command: demand (conflict) 
[3/1/2026, 12:44:37 PM] Loaded command: faction (conflict) 
[3/1/2026, 12:44:37 PM] Loaded command: run (conflict) 
[3/1/2026, 12:44:37 PM] Loaded command: give (general) 
[3/1/2026, 12:44:37 PM] Loaded command: graveyard (general) 
[3/1/2026, 12:44:37 PM] Loaded command: help (general) 
[3/1/2026, 12:44:37 PM] Loaded command: history (general) 
[3/1/2026, 12:44:37 PM] Loaded command: inventory (general) 
[3/1/2026, 12:44:37 PM] Loaded command: jerky (general) 
[3/1/2026, 12:44:37 PM] Loaded command: law (general) 
[3/1/2026, 12:44:37 PM] Loaded command: ping (general) 
[3/1/2026, 12:44:37 PM] Loaded command: rollsomedice (general) 
[3/1/2026, 12:44:37 PM] Loaded command: sacrifice (general) 
[3/1/2026, 12:44:37 PM] Loaded command: scout (general) 
[3/1/2026, 12:44:37 PM] Loaded command: status (general) 
[3/1/2026, 12:44:37 PM] Loaded command: babysit (reproduction) 
[3/1/2026, 12:44:37 PM] Loaded command: checkmating (reproduction) 
[3/1/2026, 12:44:37 PM] Loaded command: children (reproduction) 
[3/1/2026, 12:44:37 PM] Loaded command: consent (reproduction) 
[3/1/2026, 12:44:37 PM] Loaded command: decline (reproduction) 
[3/1/2026, 12:44:37 PM] Loaded command: invite (reproduction) 
[3/1/2026, 12:44:37 PM] Loaded command: pass (reproduction) 
[3/1/2026, 12:44:37 PM] Loaded command: romance (reproduction) 
[3/1/2026, 12:44:37 PM] Loaded command: scorechildren (reproduction) 
[3/1/2026, 12:44:37 PM] Loaded command: feed (rounds) 
[3/1/2026, 12:44:37 PM] Loaded command: foodcheck (rounds) 
[3/1/2026, 12:44:37 PM] Loaded command: leastguarded (rounds) 
[3/1/2026, 12:44:37 PM] Loaded command: ready (rounds) 
[3/1/2026, 12:44:37 PM] Loaded command: craft (work) 
[3/1/2026, 12:44:37 PM] Loaded command: gather (work) 
[3/1/2026, 12:44:37 PM] Loaded command: guard (work) 
[3/1/2026, 12:44:37 PM] Loaded command: hunt (work) 
[3/1/2026, 12:44:37 PM] Loaded command: idle (work) 
[3/1/2026, 12:44:37 PM] Loaded command: ignore (work) 
[3/1/2026, 12:44:37 PM] Loaded command: train (work) 
[3/1/2026, 12:44:37 PM] Tribes server (WebSocket + HTTP) started on port 8000 
[3/1/2026, 12:44:37 PM] Local access: 
[3/1/2026, 12:44:37 PM]   Health check: http://localhost:8000/health 
[3/1/2026, 12:44:37 PM]   Game interface: http://localhost:8000/ 
[3/1/2026, 12:44:37 PM] Network access: 
[3/1/2026, 12:44:37 PM]   Health check: http://192.168.1.20:8000/health 
[3/1/2026, 12:44:37 PM]   Game interface: http://192.168.1.20:8000/ 
[3/1/2026, 12:44:37 PM] Share the network URL with others on your local network! 
[3/1/2026, 12:44:49 PM] New client connected from unknown 
[3/1/2026, 12:44:49 PM] Received: listCommands  from unknown
[3/1/2026, 12:44:49 PM] got gamestate for bear
[3/1/2026, 12:44:49 PM] added a client record  for 
[3/1/2026, 12:44:49 PM] data type listCommands
[3/1/2026, 12:44:49 PM] [CHIEF CHECK] Player: "", HasGameState: true, HasPopulation: true 
[3/1/2026, 12:44:49 PM] [REF CHECK] Player "" isRef:  
[3/1/2026, 12:44:49 PM] [CHIEF CHECK] Final isChief status: false 
[3/1/2026, 12:44:49 PM] [CHIEF CHECK] Filtered out 12 chief commands, sending 43 total commands 
[3/1/2026, 12:44:49 PM] [REF CHECK] Filtered out force options from 4 commands 
[3/1/2026, 12:44:50 PM] Received: helpRequest  from Kevin
[3/1/2026, 12:44:50 PM] got gamestate for bug
[3/1/2026, 12:44:50 PM] added a client record  for Kevin
[3/1/2026, 12:44:50 PM] data type helpRequest
[3/1/2026, 12:44:56 PM] Received: listCommands  from kevinmitcham
[3/1/2026, 12:44:56 PM] got gamestate for bug
[3/1/2026, 12:44:56 PM] added a client record  for kevinmitcham
[3/1/2026, 12:44:56 PM] data type listCommands
[3/1/2026, 12:44:56 PM] [CHIEF CHECK] Player: "kevinmitcham", HasGameState: true, HasPopulation: true 
[3/1/2026, 12:44:56 PM] [CHIEF CHECK] Found player: false, Chief status: N/A 
[3/1/2026, 12:44:56 PM] [REF CHECK] Player "kevinmitcham" isRef: true 
[3/1/2026, 12:44:56 PM] [CHIEF CHECK] Final isChief status: null 
[3/1/2026, 12:44:56 PM] [CHIEF CHECK] Filtered out 12 chief commands, sending 43 total commands 
[3/1/2026, 12:44:56 PM] [REF CHECK] Filtered out force options from 0 commands 
[3/1/2026, 12:45:04 PM] Received: registerRequest  from kevinmitcham
[3/1/2026, 12:45:04 PM] got gamestate for bug
[3/1/2026, 12:45:04 PM] added a client record  for kevinmitcham
[3/1/2026, 12:45:04 PM] data type registerRequest
[3/1/2026, 12:45:04 PM] [SESSION] Created session for kevinmitcham from unknown 
[3/1/2026, 12:45:04 PM] Received: listCommands  from kevinmitcham
[3/1/2026, 12:45:04 PM] got gamestate for bug
[3/1/2026, 12:45:04 PM] added a client record  for kevinmitcham
[3/1/2026, 12:45:04 PM] data type listCommands
[3/1/2026, 12:45:04 PM] [CHIEF CHECK] Player: "kevinmitcham", HasGameState: true, HasPopulation: true 
[3/1/2026, 12:45:04 PM] [CHIEF CHECK] Found player: false, Chief status: N/A 
[3/1/2026, 12:45:04 PM] [REF CHECK] Player "kevinmitcham" isRef: true 
[3/1/2026, 12:45:04 PM] [CHIEF CHECK] Final isChief status: null 
[3/1/2026, 12:45:04 PM] [CHIEF CHECK] Filtered out 12 chief commands, sending 43 total commands 
[3/1/2026, 12:45:04 PM] [REF CHECK] Filtered out force options from 0 commands 
[3/1/2026, 12:47:50 PM] New client connected from unknown 
[3/1/2026, 12:47:50 PM] Received: exportGame  from kevinmitcham
[3/1/2026, 12:47:50 PM] got gamestate for bug
[3/1/2026, 12:47:50 PM] added a client record  for kevinmitcham
[3/1/2026, 12:47:50 PM] data type exportGame
[3/1/2026, 12:47:50 PM] [REFEREE] kevinmitcham exported game data for tribe: bug 
[3/1/2026, 12:47:51 PM] Received: importGame  from kevinmitcham
[3/1/2026, 12:47:51 PM] got gamestate for bug
[3/1/2026, 12:47:51 PM] added a client record  for kevinmitcham
[3/1/2026, 12:47:51 PM] data type importGame
[3/1/2026, 12:47:51 PM] [REFEREE] Importing with metadata - exported by: kevinmitcham, exported at: 2026-03-01T20:47:50.787Z 
[3/1/2026, 12:47:51 PM] [REFEREE] kevinmitcham successfully imported game data for tribe: bug 
[3/1/2026, 12:47:51 PM] [REFEREE] Backup saved as: bug-pre-import-backup-2026-03-01T20-47-51.json 
[3/1/2026, 12:47:51 PM] Refreshing game data for 2 members of bug tribe 
[3/1/2026, 12:47:51 PM] Refreshing command lists for 2 members of bug tribe 
[3/1/2026, 12:47:51 PM] [CHIEF CHECK] Player: "kevinmitcham", HasGameState: true, HasPopulation: true 
[3/1/2026, 12:47:51 PM] [CHIEF CHECK] Found player: false, Chief status: N/A 
[3/1/2026, 12:47:51 PM] [REF CHECK] Player "kevinmitcham" isRef: true 
[3/1/2026, 12:47:51 PM] [CHIEF CHECK] Final isChief status: null 
[3/1/2026, 12:47:51 PM] [CHIEF CHECK] Filtered out 12 chief commands, sending 43 total commands 
[3/1/2026, 12:47:51 PM] [REF CHECK] Filtered out force options from 0 commands 
[3/1/2026, 12:47:51 PM] [CHIEF CHECK] Player: "kevinmitcham", HasGameState: true, HasPopulation: true 
[3/1/2026, 12:47:51 PM] [CHIEF CHECK] Found player: false, Chief status: N/A 
[3/1/2026, 12:47:51 PM] [REF CHECK] Player "kevinmitcham" isRef: true 
[3/1/2026, 12:47:51 PM] [CHIEF CHECK] Final isChief status: null 
[3/1/2026, 12:47:51 PM] [CHIEF CHECK] Filtered out 12 chief commands, sending 43 total commands 
[3/1/2026, 12:47:51 PM] [REF CHECK] Filtered out force options from 0 commands 
[3/1/2026, 12:47:51 PM] Client disconnected: unknown 
[3/1/2026, 12:50:23 PM] Loaded command: exportgame (admin) 
[3/1/2026, 12:50:23 PM] Loaded command: importgame (admin) 
[3/1/2026, 12:50:23 PM] Loaded command: join (admin) 
[3/1/2026, 12:50:23 PM] Loaded command: secrets (admin) 
[3/1/2026, 12:50:23 PM] Loaded command: specialize (admin) 
[3/1/2026, 12:50:23 PM] Loaded command: vote (admin) 
[3/1/2026, 12:50:23 PM] Loaded command: banish (chief) 
[3/1/2026, 12:50:23 PM] Loaded command: chance (chief) 
[3/1/2026, 12:50:23 PM] Loaded command: close (chief) 
[3/1/2026, 12:50:23 PM] Loaded command: decree (chief) 
[3/1/2026, 12:50:23 PM] Loaded command: endgame (chief) 
[3/1/2026, 12:50:23 PM] Loaded command: induct (chief) 
[3/1/2026, 12:50:23 PM] Loaded command: migrate (chief) 
[3/1/2026, 12:50:23 PM] Loaded command: open (chief) 
[3/1/2026, 12:50:23 PM] Loaded command: skip (chief) 
[3/1/2026, 12:50:23 PM] Loaded command: startfood (chief) 
[3/1/2026, 12:50:23 PM] Loaded command: startreproduction (chief) 
[3/1/2026, 12:50:23 PM] Loaded command: startwork (chief) 
[3/1/2026, 12:50:23 PM] Loaded command: attack (conflict) 
[3/1/2026, 12:50:23 PM] Loaded command: defend (conflict) 
[3/1/2026, 12:50:23 PM] Loaded command: demand (conflict) 
[3/1/2026, 12:50:23 PM] Loaded command: faction (conflict) 
[3/1/2026, 12:50:23 PM] Loaded command: run (conflict) 
[3/1/2026, 12:50:23 PM] Loaded command: give (general) 
[3/1/2026, 12:50:23 PM] Loaded command: graveyard (general) 
[3/1/2026, 12:50:23 PM] Loaded command: help (general) 
[3/1/2026, 12:50:23 PM] Loaded command: history (general) 
[3/1/2026, 12:50:23 PM] Loaded command: inventory (general) 
[3/1/2026, 12:50:23 PM] Loaded command: jerky (general) 
[3/1/2026, 12:50:23 PM] Loaded command: law (general) 
[3/1/2026, 12:50:23 PM] Loaded command: ping (general) 
[3/1/2026, 12:50:23 PM] Loaded command: rollsomedice (general) 
[3/1/2026, 12:50:23 PM] Loaded command: sacrifice (general) 
[3/1/2026, 12:50:23 PM] Loaded command: scout (general) 
[3/1/2026, 12:50:23 PM] Loaded command: status (general) 
[3/1/2026, 12:50:23 PM] Loaded command: babysit (reproduction) 
[3/1/2026, 12:50:23 PM] Loaded command: checkmating (reproduction) 
[3/1/2026, 12:50:23 PM] Loaded command: children (reproduction) 
[3/1/2026, 12:50:23 PM] Loaded command: consent (reproduction) 
[3/1/2026, 12:50:23 PM] Loaded command: decline (reproduction) 
[3/1/2026, 12:50:23 PM] Loaded command: invite (reproduction) 
[3/1/2026, 12:50:23 PM] Loaded command: pass (reproduction) 
[3/1/2026, 12:50:23 PM] Loaded command: romance (reproduction) 
[3/1/2026, 12:50:23 PM] Loaded command: scorechildren (reproduction) 
[3/1/2026, 12:50:23 PM] Loaded command: feed (rounds) 
[3/1/2026, 12:50:23 PM] Loaded command: foodcheck (rounds) 
[3/1/2026, 12:50:23 PM] Loaded command: leastguarded (rounds) 
[3/1/2026, 12:50:23 PM] Loaded command: ready (rounds) 
[3/1/2026, 12:50:23 PM] Loaded command: craft (work) 
[3/1/2026, 12:50:23 PM] Loaded command: gather (work) 
[3/1/2026, 12:50:23 PM] Loaded command: guard (work) 
[3/1/2026, 12:50:23 PM] Loaded command: hunt (work) 
[3/1/2026, 12:50:23 PM] Loaded command: idle (work) 
[3/1/2026, 12:50:23 PM] Loaded command: ignore (work) 
[3/1/2026, 12:50:23 PM] Loaded command: train (work) 
[3/1/2026, 12:50:23 PM] Tribes server (WebSocket + HTTP) started on port 8000 
[3/1/2026, 12:50:23 PM] Local access: 
[3/1/2026, 12:50:23 PM]   Health check: http://localhost:8000/health 
[3/1/2026, 12:50:23 PM]   Game interface: http://localhost:8000/ 
[3/1/2026, 12:50:23 PM] Network access: 
[3/1/2026, 12:50:23 PM]   Health check: http://192.168.1.20:8000/health 
[3/1/2026, 12:50:23 PM]   Game interface: http://192.168.1.20:8000/ 
[3/1/2026, 12:50:23 PM] Share the network URL with others on your local network! 
[3/1/2026, 12:50:23 PM] New client connected from unknown 
[3/1/2026, 12:50:23 PM] Received: listCommands  from kevinmitcham
[3/1/2026, 12:50:23 PM] got gamestate for bug
[3/1/2026, 12:50:23 PM] added a client record  for kevinmitcham
[3/1/2026, 12:50:23 PM] data type listCommands
[3/1/2026, 12:50:23 PM] [CHIEF CHECK] Player: "kevinmitcham", HasGameState: true, HasPopulation: true 
[3/1/2026, 12:50:23 PM] [CHIEF CHECK] Found player: false, Chief status: N/A 
[3/1/2026, 12:50:23 PM] [REF CHECK] Player "kevinmitcham" isRef: true 
[3/1/2026, 12:50:23 PM] [CHIEF CHECK] Final isChief status: null 
[3/1/2026, 12:50:23 PM] [CHIEF CHECK] Filtered out 12 chief commands, sending 43 total commands 
[3/1/2026, 12:50:23 PM] [REF CHECK] Filtered out force options from 0 commands 
[3/1/2026, 12:50:23 PM] New client connected from unknown 
[3/1/2026, 12:50:23 PM] Received: listCommands  from kevinmitcham
[3/1/2026, 12:50:23 PM] got gamestate for bug
[3/1/2026, 12:50:23 PM] added a client record  for kevinmitcham
[3/1/2026, 12:50:23 PM] data type listCommands
[3/1/2026, 12:50:23 PM] [CHIEF CHECK] Player: "kevinmitcham", HasGameState: true, HasPopulation: true 
[3/1/2026, 12:50:23 PM] [CHIEF CHECK] Found player: false, Chief status: N/A 
[3/1/2026, 12:50:23 PM] [REF CHECK] Player "kevinmitcham" isRef: true 
[3/1/2026, 12:50:23 PM] [CHIEF CHECK] Final isChief status: null 
[3/1/2026, 12:50:23 PM] [CHIEF CHECK] Filtered out 12 chief commands, sending 43 total commands 
[3/1/2026, 12:50:23 PM] [REF CHECK] Filtered out force options from 0 commands 
[3/1/2026, 12:50:25 PM] New client connected from unknown 
[3/1/2026, 12:50:25 PM] Received: listCommands  from kevinmitcham
[3/1/2026, 12:50:25 PM] got gamestate for bug
[3/1/2026, 12:50:25 PM] added a client record  for kevinmitcham
[3/1/2026, 12:50:25 PM] data type listCommands
[3/1/2026, 12:50:25 PM] [CHIEF CHECK] Player: "kevinmitcham", HasGameState: true, HasPopulation: true 
[3/1/2026, 12:50:25 PM] [CHIEF CHECK] Found player: false, Chief status: N/A 
[3/1/2026, 12:50:25 PM] [REF CHECK] Player "kevinmitcham" isRef: true 
[3/1/2026, 12:50:25 PM] [CHIEF CHECK] Final isChief status: null 
[3/1/2026, 12:50:25 PM] [CHIEF CHECK] Filtered out 12 chief commands, sending 43 total commands 
[3/1/2026, 12:50:25 PM] [REF CHECK] Filtered out force options from 0 commands 
[3/1/2026, 12:50:25 PM] New client connected from unknown 
[3/1/2026, 12:50:25 PM] New client connected from unknown 
[3/1/2026, 12:50:25 PM] Received: listCommands  from kevinmitcham
[3/1/2026, 12:50:25 PM] got gamestate for bug
[3/1/2026, 12:50:25 PM] added a client record  for kevinmitcham
[3/1/2026, 12:50:25 PM] data type listCommands
[3/1/2026, 12:50:25 PM] [CHIEF CHECK] Player: "kevinmitcham", HasGameState: true, HasPopulation: true 
[3/1/2026, 12:50:25 PM] [CHIEF CHECK] Found player: false, Chief status: N/A 
[3/1/2026, 12:50:25 PM] [REF CHECK] Player "kevinmitcham" isRef: true 
[3/1/2026, 12:50:25 PM] [CHIEF CHECK] Final isChief status: null 
[3/1/2026, 12:50:25 PM] [CHIEF CHECK] Filtered out 12 chief commands, sending 43 total commands 
[3/1/2026, 12:50:25 PM] [REF CHECK] Filtered out force options from 0 commands 
[3/1/2026, 12:50:37 PM] Client disconnected: unknown 
[3/1/2026, 12:50:37 PM] Client disconnected: unknown 
[3/1/2026, 12:50:37 PM] Client disconnected: unknown 
[3/1/2026, 12:50:37 PM] Client disconnected: unknown 
[3/1/2026, 12:50:37 PM] Client disconnected: unknown 
[3/1/2026, 12:50:37 PM] New client connected from unknown 
[3/1/2026, 12:50:37 PM] Received: listCommands  from unknown
[3/1/2026, 12:50:37 PM] got gamestate for bear
[3/1/2026, 12:50:37 PM] added a client record  for 
[3/1/2026, 12:50:37 PM] data type listCommands
[3/1/2026, 12:50:37 PM] [CHIEF CHECK] Player: "", HasGameState: true, HasPopulation: true 
[3/1/2026, 12:50:37 PM] [REF CHECK] Player "" isRef:  
[3/1/2026, 12:50:37 PM] [CHIEF CHECK] Final isChief status: false 
[3/1/2026, 12:50:37 PM] [CHIEF CHECK] Filtered out 12 chief commands, sending 43 total commands 
[3/1/2026, 12:50:37 PM] [REF CHECK] Filtered out force options from 4 commands 
[3/1/2026, 12:50:38 PM] Received: helpRequest  from kevinmitcham
[3/1/2026, 12:50:38 PM] got gamestate for bug
[3/1/2026, 12:50:38 PM] added a client record  for kevinmitcham
[3/1/2026, 12:50:38 PM] data type helpRequest
[3/1/2026, 12:50:44 PM] Received: registerRequest  from kevinmitcham
[3/1/2026, 12:50:44 PM] got gamestate for bug
[3/1/2026, 12:50:44 PM] added a client record  for kevinmitcham
[3/1/2026, 12:50:44 PM] data type registerRequest
[3/1/2026, 12:50:44 PM] [SESSION] Created session for kevinmitcham from unknown 
[3/1/2026, 12:50:44 PM] Received: listCommands  from kevinmitcham
[3/1/2026, 12:50:44 PM] got gamestate for bug
[3/1/2026, 12:50:44 PM] added a client record  for kevinmitcham
[3/1/2026, 12:50:44 PM] data type listCommands
[3/1/2026, 12:50:44 PM] [CHIEF CHECK] Player: "kevinmitcham", HasGameState: true, HasPopulation: true 
[3/1/2026, 12:50:44 PM] [CHIEF CHECK] Found player: false, Chief status: N/A 
[3/1/2026, 12:50:44 PM] [REF CHECK] Player "kevinmitcham" isRef: true 
[3/1/2026, 12:50:44 PM] [CHIEF CHECK] Final isChief status: null 
[3/1/2026, 12:50:44 PM] [CHIEF CHECK] Filtered out 12 chief commands, sending 43 total commands 
[3/1/2026, 12:50:44 PM] [REF CHECK] Filtered out force options from 0 commands 
[3/1/2026, 12:50:46 PM] Received: exportGame  from kevinmitcham
[3/1/2026, 12:50:46 PM] got gamestate for bug
[3/1/2026, 12:50:46 PM] added a client record  for kevinmitcham
[3/1/2026, 12:50:46 PM] data type exportGame
[3/1/2026, 12:50:46 PM] [REFEREE] kevinmitcham exported game data for tribe: bug 
[3/1/2026, 12:51:02 PM] Received: exportGame  from kevinmitcham
[3/1/2026, 12:51:02 PM] got gamestate for sloth
[3/1/2026, 12:51:02 PM] added a client record  for kevinmitcham
[3/1/2026, 12:51:02 PM] data type exportGame
[3/1/2026, 12:51:02 PM] [REFEREE] kevinmitcham exported game data for tribe: sloth 
[3/1/2026, 12:51:58 PM] Received: importGame  from kevinmitcham
[3/1/2026, 12:51:58 PM] got gamestate for bug
[3/1/2026, 12:51:58 PM] added a client record  for kevinmitcham
[3/1/2026, 12:51:58 PM] data type importGame
[3/1/2026, 12:51:58 PM] [REFEREE] Importing with metadata - exported by: kevinmitcham, exported at: 2026-03-01T20:50:46.361Z 
[3/1/2026, 12:51:58 PM] [REFEREE] kevinmitcham successfully imported game data for tribe: bug 
[3/1/2026, 12:51:58 PM] [REFEREE] Backup saved as: bug-pre-import-backup-2026-03-01T20-51-58.json 
[3/1/2026, 12:51:58 PM] Refreshing game data for 1 members of bug tribe 
[3/1/2026, 12:51:58 PM] Refreshing command lists for 1 members of bug tribe 
[3/1/2026, 12:51:58 PM] [CHIEF CHECK] Player: "kevinmitcham", HasGameState: true, HasPopulation: true 
[3/1/2026, 12:51:58 PM] [CHIEF CHECK] Found player: false, Chief status: N/A 
[3/1/2026, 12:51:58 PM] [REF CHECK] Player "kevinmitcham" isRef: true 
[3/1/2026, 12:51:58 PM] [CHIEF CHECK] Final isChief status: null 
[3/1/2026, 12:51:58 PM] [CHIEF CHECK] Filtered out 12 chief commands, sending 43 total commands 
[3/1/2026, 12:51:58 PM] [REF CHECK] Filtered out force options from 0 commands 
[3/1/2026, 12:51:58 PM] Received: infoRequest  from kevinmitcham
[3/1/2026, 12:51:58 PM] Received: infoRequest  from kevinmitcham
[3/1/2026, 12:51:58 PM] Received: infoRequest  from kevinmitcham
[3/1/2026, 12:51:58 PM] got gamestate for bug
[3/1/2026, 12:51:58 PM] added a client record  for kevinmitcham
[3/1/2026, 12:51:58 PM] data type infoRequest
[3/1/2026, 12:51:58 PM] got gamestate for bug
[3/1/2026, 12:51:58 PM] added a client record  for kevinmitcham
[3/1/2026, 12:51:58 PM] data type infoRequest
[3/1/2026, 12:51:58 PM] got gamestate for bug
[3/1/2026, 12:51:58 PM] added a client record  for kevinmitcham
[3/1/2026, 12:51:58 PM] data type infoRequest
[3/1/2026, 1:42:46 PM] New client connected from unknown 
[3/1/2026, 1:42:46 PM] Received: registerRequest  from kevinmitcham
[3/1/2026, 1:42:46 PM] got gamestate for bug
[3/1/2026, 1:42:46 PM] added a client record  for kevinmitcham
[3/1/2026, 1:42:46 PM] data type registerRequest
[3/1/2026, 1:42:46 PM] [SESSION] Created session for kevinmitcham from unknown 
[3/1/2026, 1:42:47 PM] Client disconnected: kevinmitcham 
