[3/5/2026, 7:41:45 PM] Loaded command: exportgame (admin) 
[3/5/2026, 7:41:45 PM] Loaded command: importgame (admin) 
[3/5/2026, 7:41:45 PM] Loaded command: join (admin) 
[3/5/2026, 7:41:45 PM] Loaded command: secrets (admin) 
[3/5/2026, 7:41:45 PM] Loaded command: specialize (admin) 
[3/5/2026, 7:41:45 PM] Loaded command: vote (admin) 
[3/5/2026, 7:41:45 PM] Loaded command: banish (chief) 
[3/5/2026, 7:41:45 PM] Loaded command: chance (chief) 
[3/5/2026, 7:41:45 PM] Loaded command: close (chief) 
[3/5/2026, 7:41:45 PM] Loaded command: decree (chief) 
[3/5/2026, 7:41:45 PM] Loaded command: endgame (chief) 
[3/5/2026, 7:41:45 PM] Loaded command: induct (chief) 
[3/5/2026, 7:41:45 PM] Loaded command: migrate (chief) 
[3/5/2026, 7:41:45 PM] Loaded command: open (chief) 
[3/5/2026, 7:41:45 PM] Loaded command: skip (chief) 
[3/5/2026, 7:41:45 PM] Loaded command: startfood (chief) 
[3/5/2026, 7:41:45 PM] Loaded command: startreproduction (chief) 
[3/5/2026, 7:41:45 PM] Loaded command: startwork (chief) 
[3/5/2026, 7:41:45 PM] Loaded command: attack (conflict) 
[3/5/2026, 7:41:45 PM] Loaded command: defend (conflict) 
[3/5/2026, 7:41:45 PM] Loaded command: demand (conflict) 
[3/5/2026, 7:41:45 PM] Loaded command: faction (conflict) 
[3/5/2026, 7:41:45 PM] Loaded command: run (conflict) 
[3/5/2026, 7:41:45 PM] Loaded command: give (general) 
[3/5/2026, 7:41:45 PM] Loaded command: graveyard (general) 
[3/5/2026, 7:41:45 PM] Loaded command: help (general) 
[3/5/2026, 7:41:45 PM] Loaded command: history (general) 
[3/5/2026, 7:41:45 PM] Loaded command: inventory (general) 
[3/5/2026, 7:41:45 PM] Loaded command: jerky (general) 
[3/5/2026, 7:41:45 PM] Loaded command: law (general) 
[3/5/2026, 7:41:45 PM] Loaded command: ping (general) 
[3/5/2026, 7:41:45 PM] Loaded command: rollsomedice (general) 
[3/5/2026, 7:41:45 PM] Loaded command: sacrifice (general) 
[3/5/2026, 7:41:45 PM] Loaded command: scout (general) 
[3/5/2026, 7:41:45 PM] Loaded command: status (general) 
[3/5/2026, 7:41:45 PM] Loaded command: babysit (reproduction) 
[3/5/2026, 7:41:45 PM] Loaded command: checkmating (reproduction) 
[3/5/2026, 7:41:45 PM] Loaded command: children (reproduction) 
[3/5/2026, 7:41:45 PM] Loaded command: consent (reproduction) 
[3/5/2026, 7:41:45 PM] Loaded command: decline (reproduction) 
[3/5/2026, 7:41:45 PM] Loaded command: invite (reproduction) 
[3/5/2026, 7:41:45 PM] Loaded command: pass (reproduction) 
[3/5/2026, 7:41:45 PM] Loaded command: romance (reproduction) 
[3/5/2026, 7:41:45 PM] Loaded command: scorechildren (reproduction) 
[3/5/2026, 7:41:45 PM] Loaded command: feed (rounds) 
[3/5/2026, 7:41:45 PM] Loaded command: foodcheck (rounds) 
[3/5/2026, 7:41:45 PM] Loaded command: leastguarded (rounds) 
[3/5/2026, 7:41:45 PM] Loaded command: ready (rounds) 
[3/5/2026, 7:41:45 PM] Loaded command: craft (work) 
[3/5/2026, 7:41:45 PM] Loaded command: gather (work) 
[3/5/2026, 7:41:45 PM] Loaded command: guard (work) 
[3/5/2026, 7:41:45 PM] Loaded command: hunt (work) 
[3/5/2026, 7:41:45 PM] Loaded command: idle (work) 
[3/5/2026, 7:41:45 PM] Loaded command: ignore (work) 
[3/5/2026, 7:41:45 PM] Loaded command: train (work) 
[3/5/2026, 7:41:45 PM] Tribes server (WebSocket + HTTP) started on port 8000 
[3/5/2026, 7:41:45 PM] Local access: 
[3/5/2026, 7:41:45 PM]   Health check: http://localhost:8000/health 
[3/5/2026, 7:41:45 PM]   Game interface: http://localhost:8000/ 
[3/5/2026, 7:41:45 PM] Network access: 
[3/5/2026, 7:41:45 PM]   Health check: http://192.168.1.20:8000/health 
[3/5/2026, 7:41:45 PM]   Game interface: http://192.168.1.20:8000/ 
[3/5/2026, 7:41:45 PM] Share the network URL with others on your local network! 
[3/5/2026, 7:41:46 PM] New client connected from unknown 
[3/5/2026, 7:41:46 PM] Client disconnected: unknown 
[3/5/2026, 7:41:46 PM] New client connected from unknown 
[3/5/2026, 7:41:46 PM] Received: listCommands  from kevin
[3/5/2026, 7:41:46 PM] got gamestate for bug
[3/5/2026, 7:41:46 PM] added a client record  for kevin
[3/5/2026, 7:41:46 PM] data type listCommands
[3/5/2026, 7:41:46 PM] [CHIEF CHECK] Player: "kevin", HasGameState: true, HasPopulation: true 
[3/5/2026, 7:41:46 PM] [CHIEF CHECK] Found player: true, Chief status: true 
[3/5/2026, 7:41:46 PM] [CHIEF CHECK] Player "kevin" properties: gender,food,grain,basket,spearhead,handle,name,profession,history,vote,chief,worked,consentList,inviteIndex,inviteList,canCraft,strategy,activity,cannotInvite,isInjured
[3/5/2026, 7:41:46 PM] [REF CHECK] Player "kevin" isRef: false 
[3/5/2026, 7:41:46 PM] [CHIEF CHECK] Final isChief status: true 
[3/5/2026, 7:41:46 PM] [CHIEF CHECK] Filtered out 0 chief commands, sending 55 total commands 
[3/5/2026, 7:41:46 PM] [REF CHECK] Filtered out force options from 5 commands 
[3/5/2026, 7:42:09 PM] New client connected from unknown 
[3/5/2026, 7:42:09 PM] Received: listCommands  from ursa
[3/5/2026, 7:42:09 PM] got gamestate for bug
[3/5/2026, 7:42:09 PM] added a client record  for ursa
[3/5/2026, 7:42:09 PM] data type listCommands
[3/5/2026, 7:42:09 PM] [CHIEF CHECK] Player: "ursa", HasGameState: true, HasPopulation: true 
[3/5/2026, 7:42:09 PM] [CHIEF CHECK] Found player: false, Chief status: N/A 
[3/5/2026, 7:42:09 PM] [REF CHECK] Player "ursa" isRef: false 
[3/5/2026, 7:42:09 PM] [CHIEF CHECK] Final isChief status: null 
[3/5/2026, 7:42:09 PM] [CHIEF CHECK] Filtered out 12 chief commands, sending 43 total commands 
[3/5/2026, 7:42:09 PM] [REF CHECK] Filtered out force options from 4 commands 
[3/5/2026, 7:42:14 PM] Received: registerRequest  from ursa
[3/5/2026, 7:42:14 PM] got gamestate for bug
[3/5/2026, 7:42:14 PM] added a client record  for ursa
[3/5/2026, 7:42:14 PM] data type registerRequest
[3/5/2026, 7:42:14 PM] [SESSION] Created session for ursa from unknown 
[3/5/2026, 7:42:14 PM] Received: listCommands  from ursa
[3/5/2026, 7:42:14 PM] got gamestate for bug
[3/5/2026, 7:42:14 PM] added a client record  for ursa
[3/5/2026, 7:42:14 PM] data type listCommands
[3/5/2026, 7:42:14 PM] [CHIEF CHECK] Player: "ursa", HasGameState: true, HasPopulation: true 
[3/5/2026, 7:42:14 PM] [CHIEF CHECK] Found player: false, Chief status: N/A 
[3/5/2026, 7:42:14 PM] [REF CHECK] Player "ursa" isRef: false 
[3/5/2026, 7:42:14 PM] [CHIEF CHECK] Final isChief status: null 
[3/5/2026, 7:42:14 PM] [CHIEF CHECK] Filtered out 12 chief commands, sending 43 total commands 
[3/5/2026, 7:42:14 PM] [REF CHECK] Filtered out force options from 4 commands 
[3/5/2026, 7:42:21 PM] Client disconnected: ursa 
[3/5/2026, 7:42:21 PM] New client connected from unknown 
[3/5/2026, 7:42:21 PM] Received: listCommands  from unknown
[3/5/2026, 7:42:21 PM] got gamestate for bear
[3/5/2026, 7:42:21 PM] added a client record  for 
[3/5/2026, 7:42:21 PM] data type listCommands
[3/5/2026, 7:42:21 PM] [CHIEF CHECK] Player: "", HasGameState: true, HasPopulation: true 
[3/5/2026, 7:42:21 PM] [REF CHECK] Player "" isRef:  
[3/5/2026, 7:42:21 PM] [CHIEF CHECK] Final isChief status: false 
[3/5/2026, 7:42:21 PM] [CHIEF CHECK] Filtered out 12 chief commands, sending 43 total commands 
[3/5/2026, 7:42:21 PM] [REF CHECK] Filtered out force options from 4 commands 
[3/5/2026, 7:42:22 PM] Received: helpRequest  from ursa
[3/5/2026, 7:42:22 PM] got gamestate for bug
[3/5/2026, 7:42:22 PM] added a client record  for ursa
[3/5/2026, 7:42:22 PM] data type helpRequest
[3/5/2026, 7:42:27 PM] Received: registerRequest  from ursa
[3/5/2026, 7:42:27 PM] got gamestate for bug
[3/5/2026, 7:42:27 PM] added a client record  for ursa
[3/5/2026, 7:42:27 PM] data type registerRequest
[3/5/2026, 7:42:28 PM] [SESSION] Created session for ursa from unknown 
[3/5/2026, 7:42:28 PM] Received: listCommands  from ursa
[3/5/2026, 7:42:28 PM] got gamestate for bug
[3/5/2026, 7:42:28 PM] added a client record  for ursa
[3/5/2026, 7:42:28 PM] data type listCommands
[3/5/2026, 7:42:28 PM] [CHIEF CHECK] Player: "ursa", HasGameState: true, HasPopulation: true 
[3/5/2026, 7:42:28 PM] [CHIEF CHECK] Found player: false, Chief status: N/A 
[3/5/2026, 7:42:28 PM] [REF CHECK] Player "ursa" isRef: false 
[3/5/2026, 7:42:28 PM] [CHIEF CHECK] Final isChief status: null 
[3/5/2026, 7:42:28 PM] [CHIEF CHECK] Filtered out 12 chief commands, sending 43 total commands 
[3/5/2026, 7:42:28 PM] [REF CHECK] Filtered out force options from 4 commands 
[3/5/2026, 7:42:30 PM] New client connected from unknown 
[3/5/2026, 7:42:30 PM] Received: listCommands  from sockpuppet
[3/5/2026, 7:42:30 PM] got gamestate for bug
[3/5/2026, 7:42:30 PM] added a client record  for sockpuppet
[3/5/2026, 7:42:30 PM] data type listCommands
[3/5/2026, 7:42:30 PM] [CHIEF CHECK] Player: "sockpuppet", HasGameState: true, HasPopulation: true 
[3/5/2026, 7:42:30 PM] [CHIEF CHECK] Found player: true, Chief status: undefined 
[3/5/2026, 7:42:30 PM] [CHIEF CHECK] Player "sockpuppet" properties: gender,food,grain,basket,spearhead,handle,name,strength,profession,canCraft,history,vote,worked,consentList,inviteIndex,inviteList,guarding,activity,cannotInvite,isPregnant
[3/5/2026, 7:42:30 PM] [REF CHECK] Player "sockpuppet" isRef: false 
[3/5/2026, 7:42:30 PM] [CHIEF CHECK] Final isChief status: undefined 
[3/5/2026, 7:42:30 PM] [CHIEF CHECK] Filtered out 12 chief commands, sending 43 total commands 
[3/5/2026, 7:42:30 PM] [REF CHECK] Filtered out force options from 4 commands 
[3/5/2026, 7:42:36 PM] Received: infoRequest  from sockpuppet
[3/5/2026, 7:42:36 PM] Received: infoRequest  from sockpuppet
[3/5/2026, 7:42:36 PM] got gamestate for bug
[3/5/2026, 7:42:36 PM] added a client record  for sockpuppet
[3/5/2026, 7:42:36 PM] data type infoRequest
[3/5/2026, 7:42:36 PM] got gamestate for bug
[3/5/2026, 7:42:36 PM] added a client record  for sockpuppet
[3/5/2026, 7:42:36 PM] data type infoRequest
[3/5/2026, 7:42:36 PM] Received: infoRequest  from sockpuppet
[3/5/2026, 7:42:36 PM] got gamestate for bug
[3/5/2026, 7:42:36 PM] added a client record  for sockpuppet
[3/5/2026, 7:42:36 PM] data type infoRequest
[3/5/2026, 7:42:39 PM] Received: infoRequest  from kevin
[3/5/2026, 7:42:39 PM] got gamestate for bug
[3/5/2026, 7:42:39 PM] added a client record  for kevin
[3/5/2026, 7:42:39 PM] data type infoRequest
[3/5/2026, 7:42:39 PM] Received: infoRequest  from kevin
[3/5/2026, 7:42:39 PM] Received: infoRequest  from kevin
[3/5/2026, 7:42:39 PM] got gamestate for bug
[3/5/2026, 7:42:39 PM] added a client record  for kevin
[3/5/2026, 7:42:39 PM] data type infoRequest
[3/5/2026, 7:42:39 PM] got gamestate for bug
[3/5/2026, 7:42:39 PM] added a client record  for kevin
[3/5/2026, 7:42:39 PM] data type infoRequest
[3/5/2026, 7:47:31 PM] Loaded command: exportgame (admin) 
[3/5/2026, 7:47:31 PM] Loaded command: importgame (admin) 
[3/5/2026, 7:47:31 PM] Loaded command: join (admin) 
[3/5/2026, 7:47:31 PM] Loaded command: secrets (admin) 
[3/5/2026, 7:47:31 PM] Loaded command: specialize (admin) 
[3/5/2026, 7:47:31 PM] Loaded command: vote (admin) 
[3/5/2026, 7:47:31 PM] Loaded command: banish (chief) 
[3/5/2026, 7:47:31 PM] Loaded command: chance (chief) 
[3/5/2026, 7:47:31 PM] Loaded command: close (chief) 
[3/5/2026, 7:47:31 PM] Loaded command: decree (chief) 
[3/5/2026, 7:47:31 PM] Loaded command: endgame (chief) 
[3/5/2026, 7:47:31 PM] Loaded command: induct (chief) 
[3/5/2026, 7:47:31 PM] Loaded command: migrate (chief) 
[3/5/2026, 7:47:31 PM] Loaded command: open (chief) 
[3/5/2026, 7:47:31 PM] Loaded command: skip (chief) 
[3/5/2026, 7:47:31 PM] Loaded command: startfood (chief) 
[3/5/2026, 7:47:31 PM] Loaded command: startreproduction (chief) 
[3/5/2026, 7:47:31 PM] Loaded command: startwork (chief) 
[3/5/2026, 7:47:31 PM] Loaded command: attack (conflict) 
[3/5/2026, 7:47:31 PM] Loaded command: defend (conflict) 
[3/5/2026, 7:47:31 PM] Loaded command: demand (conflict) 
[3/5/2026, 7:47:31 PM] Loaded command: faction (conflict) 
[3/5/2026, 7:47:31 PM] Loaded command: run (conflict) 
[3/5/2026, 7:47:31 PM] Loaded command: give (general) 
[3/5/2026, 7:47:31 PM] Loaded command: graveyard (general) 
[3/5/2026, 7:47:31 PM] Loaded command: help (general) 
[3/5/2026, 7:47:31 PM] Loaded command: history (general) 
[3/5/2026, 7:47:31 PM] Loaded command: inventory (general) 
[3/5/2026, 7:47:31 PM] Loaded command: jerky (general) 
[3/5/2026, 7:47:31 PM] Loaded command: law (general) 
[3/5/2026, 7:47:31 PM] Loaded command: ping (general) 
[3/5/2026, 7:47:31 PM] Loaded command: rollsomedice (general) 
[3/5/2026, 7:47:31 PM] Loaded command: sacrifice (general) 
[3/5/2026, 7:47:31 PM] Loaded command: scout (general) 
[3/5/2026, 7:47:31 PM] Loaded command: status (general) 
[3/5/2026, 7:47:31 PM] Loaded command: babysit (reproduction) 
[3/5/2026, 7:47:31 PM] Loaded command: checkmating (reproduction) 
[3/5/2026, 7:47:31 PM] Loaded command: children (reproduction) 
[3/5/2026, 7:47:31 PM] Loaded command: consent (reproduction) 
[3/5/2026, 7:47:31 PM] Loaded command: decline (reproduction) 
[3/5/2026, 7:47:31 PM] Loaded command: invite (reproduction) 
[3/5/2026, 7:47:31 PM] Loaded command: pass (reproduction) 
[3/5/2026, 7:47:31 PM] Loaded command: romance (reproduction) 
[3/5/2026, 7:47:31 PM] Loaded command: scorechildren (reproduction) 
[3/5/2026, 7:47:31 PM] Loaded command: feed (rounds) 
[3/5/2026, 7:47:31 PM] Loaded command: foodcheck (rounds) 
[3/5/2026, 7:47:31 PM] Loaded command: leastguarded (rounds) 
[3/5/2026, 7:47:31 PM] Loaded command: ready (rounds) 
[3/5/2026, 7:47:31 PM] Loaded command: craft (work) 
[3/5/2026, 7:47:31 PM] Loaded command: gather (work) 
[3/5/2026, 7:47:31 PM] Loaded command: guard (work) 
[3/5/2026, 7:47:31 PM] Loaded command: hunt (work) 
[3/5/2026, 7:47:31 PM] Loaded command: idle (work) 
[3/5/2026, 7:47:31 PM] Loaded command: ignore (work) 
[3/5/2026, 7:47:31 PM] Loaded command: train (work) 
[3/5/2026, 7:47:31 PM] Tribes server (WebSocket + HTTP) started on port 8000 
[3/5/2026, 7:47:31 PM] Local access: 
[3/5/2026, 7:47:31 PM]   Health check: http://localhost:8000/health 
[3/5/2026, 7:47:31 PM]   Game interface: http://localhost:8000/ 
[3/5/2026, 7:47:31 PM] Network access: 
[3/5/2026, 7:47:31 PM]   Health check: http://192.168.1.20:8000/health 
[3/5/2026, 7:47:31 PM]   Game interface: http://192.168.1.20:8000/ 
[3/5/2026, 7:47:31 PM] Share the network URL with others on your local network! 
[3/5/2026, 7:47:32 PM] New client connected from unknown 
[3/5/2026, 7:47:32 PM] New client connected from unknown 
[3/5/2026, 7:47:32 PM] Received: listCommands  from kevin
[3/5/2026, 7:47:32 PM] got gamestate for bug
[3/5/2026, 7:47:32 PM] added a client record  for kevin
[3/5/2026, 7:47:32 PM] data type listCommands
[3/5/2026, 7:47:32 PM] [CHIEF CHECK] Player: "kevin", HasGameState: true, HasPopulation: true 
[3/5/2026, 7:47:32 PM] [CHIEF CHECK] Found player: true, Chief status: true 
[3/5/2026, 7:47:32 PM] [CHIEF CHECK] Player "kevin" properties: gender,food,grain,basket,spearhead,handle,name,profession,history,vote,chief,worked,consentList,inviteIndex,inviteList,canCraft,strategy,activity,cannotInvite,isInjured
[3/5/2026, 7:47:32 PM] [REF CHECK] Player "kevin" isRef: false 
[3/5/2026, 7:47:32 PM] [CHIEF CHECK] Final isChief status: true 
[3/5/2026, 7:47:32 PM] [CHIEF CHECK] Filtered out 0 chief commands, sending 55 total commands 
[3/5/2026, 7:47:32 PM] [REF CHECK] Filtered out force options from 5 commands 
[3/5/2026, 7:47:32 PM] New client connected from unknown 
[3/5/2026, 7:47:32 PM] Received: listCommands  from ursa
[3/5/2026, 7:47:32 PM] got gamestate for bug
[3/5/2026, 7:47:32 PM] added a client record  for ursa
[3/5/2026, 7:47:32 PM] data type listCommands
[3/5/2026, 7:47:32 PM] [CHIEF CHECK] Player: "ursa", HasGameState: true, HasPopulation: true 
[3/5/2026, 7:47:32 PM] [CHIEF CHECK] Found player: false, Chief status: N/A 
[3/5/2026, 7:47:32 PM] [REF CHECK] Player "ursa" isRef: false 
[3/5/2026, 7:47:32 PM] [CHIEF CHECK] Final isChief status: null 
[3/5/2026, 7:47:32 PM] [CHIEF CHECK] Filtered out 12 chief commands, sending 43 total commands 
[3/5/2026, 7:47:32 PM] [REF CHECK] Filtered out force options from 4 commands 
[3/5/2026, 7:47:32 PM] New client connected from unknown 
[3/5/2026, 7:47:32 PM] Client disconnected: unknown 
[3/5/2026, 7:47:32 PM] New client connected from unknown 
[3/5/2026, 7:47:32 PM] New client connected from unknown 
[3/5/2026, 7:47:32 PM] New client connected from unknown 
[3/5/2026, 7:47:32 PM] Received: listCommands  from kevin
[3/5/2026, 7:47:32 PM] got gamestate for bug
[3/5/2026, 7:47:32 PM] added a client record  for kevin
[3/5/2026, 7:47:32 PM] data type listCommands
[3/5/2026, 7:47:32 PM] [CHIEF CHECK] Player: "kevin", HasGameState: true, HasPopulation: true 
[3/5/2026, 7:47:32 PM] [CHIEF CHECK] Found player: true, Chief status: true 
[3/5/2026, 7:47:32 PM] [CHIEF CHECK] Player "kevin" properties: gender,food,grain,basket,spearhead,handle,name,profession,history,vote,chief,worked,consentList,inviteIndex,inviteList,canCraft,strategy,activity,cannotInvite,isInjured
[3/5/2026, 7:47:32 PM] [REF CHECK] Player "kevin" isRef: false 
[3/5/2026, 7:47:32 PM] [CHIEF CHECK] Final isChief status: true 
[3/5/2026, 7:47:32 PM] [CHIEF CHECK] Filtered out 0 chief commands, sending 55 total commands 
[3/5/2026, 7:47:32 PM] [REF CHECK] Filtered out force options from 5 commands 
[3/5/2026, 7:47:32 PM] Received: listCommands  from sockpuppet
[3/5/2026, 7:47:32 PM] got gamestate for bug
[3/5/2026, 7:47:32 PM] added a client record  for sockpuppet
[3/5/2026, 7:47:32 PM] data type listCommands
[3/5/2026, 7:47:32 PM] [CHIEF CHECK] Player: "sockpuppet", HasGameState: true, HasPopulation: true 
[3/5/2026, 7:47:32 PM] [CHIEF CHECK] Found player: true, Chief status: undefined 
[3/5/2026, 7:47:32 PM] [CHIEF CHECK] Player "sockpuppet" properties: gender,food,grain,basket,spearhead,handle,name,strength,profession,canCraft,history,vote,worked,consentList,inviteIndex,inviteList,guarding,activity,cannotInvite,isPregnant
[3/5/2026, 7:47:32 PM] [REF CHECK] Player "sockpuppet" isRef: false 
[3/5/2026, 7:47:32 PM] [CHIEF CHECK] Final isChief status: undefined 
[3/5/2026, 7:47:32 PM] [CHIEF CHECK] Filtered out 12 chief commands, sending 43 total commands 
[3/5/2026, 7:47:32 PM] [REF CHECK] Filtered out force options from 4 commands 
[3/5/2026, 7:47:32 PM] New client connected from unknown 
[3/5/2026, 7:47:32 PM] Received: listCommands  from ursa
[3/5/2026, 7:47:32 PM] got gamestate for bug
[3/5/2026, 7:47:32 PM] added a client record  for ursa
[3/5/2026, 7:47:32 PM] data type listCommands
[3/5/2026, 7:47:32 PM] [CHIEF CHECK] Player: "ursa", HasGameState: true, HasPopulation: true 
[3/5/2026, 7:47:32 PM] [CHIEF CHECK] Found player: false, Chief status: N/A 
[3/5/2026, 7:47:32 PM] [REF CHECK] Player "ursa" isRef: false 
[3/5/2026, 7:47:32 PM] [CHIEF CHECK] Final isChief status: null 
[3/5/2026, 7:47:32 PM] [CHIEF CHECK] Filtered out 12 chief commands, sending 43 total commands 
[3/5/2026, 7:47:32 PM] [REF CHECK] Filtered out force options from 4 commands 
[3/5/2026, 7:47:32 PM] New client connected from unknown 
[3/5/2026, 7:47:32 PM] Received: listCommands  from sockpuppet
[3/5/2026, 7:47:32 PM] got gamestate for bug
[3/5/2026, 7:47:32 PM] added a client record  for sockpuppet
[3/5/2026, 7:47:32 PM] data type listCommands
[3/5/2026, 7:47:32 PM] [CHIEF CHECK] Player: "sockpuppet", HasGameState: true, HasPopulation: true 
[3/5/2026, 7:47:32 PM] [CHIEF CHECK] Found player: true, Chief status: undefined 
[3/5/2026, 7:47:32 PM] [CHIEF CHECK] Player "sockpuppet" properties: gender,food,grain,basket,spearhead,handle,name,strength,profession,canCraft,history,vote,worked,consentList,inviteIndex,inviteList,guarding,activity,cannotInvite,isPregnant
[3/5/2026, 7:47:32 PM] [REF CHECK] Player "sockpuppet" isRef: false 
[3/5/2026, 7:47:32 PM] [CHIEF CHECK] Final isChief status: undefined 
[3/5/2026, 7:47:32 PM] [CHIEF CHECK] Filtered out 12 chief commands, sending 43 total commands 
[3/5/2026, 7:47:32 PM] [REF CHECK] Filtered out force options from 4 commands 
[3/5/2026, 7:47:36 PM] Client disconnected: unknown 
[3/5/2026, 7:47:36 PM] Client disconnected: unknown 
[3/5/2026, 7:47:36 PM] Client disconnected: unknown 
[3/5/2026, 7:47:36 PM] New client connected from unknown 
[3/5/2026, 7:47:36 PM] Received: listCommands  from unknown
[3/5/2026, 7:47:36 PM] got gamestate for bear
[3/5/2026, 7:47:36 PM] added a client record  for 
[3/5/2026, 7:47:36 PM] data type listCommands
[3/5/2026, 7:47:36 PM] [CHIEF CHECK] Player: "", HasGameState: true, HasPopulation: true 
[3/5/2026, 7:47:36 PM] [REF CHECK] Player "" isRef:  
[3/5/2026, 7:47:36 PM] [CHIEF CHECK] Final isChief status: false 
[3/5/2026, 7:47:36 PM] [CHIEF CHECK] Filtered out 12 chief commands, sending 43 total commands 
[3/5/2026, 7:47:36 PM] [REF CHECK] Filtered out force options from 4 commands 
[3/5/2026, 7:47:37 PM] Received: helpRequest  from ursa
[3/5/2026, 7:47:37 PM] got gamestate for bug
[3/5/2026, 7:47:37 PM] added a client record  for ursa
[3/5/2026, 7:47:37 PM] data type helpRequest
[3/5/2026, 7:47:42 PM] Client disconnected: unknown 
[3/5/2026, 7:47:42 PM] Client disconnected: unknown 
[3/5/2026, 7:47:42 PM] Client disconnected: unknown 
[3/5/2026, 7:47:42 PM] New client connected from unknown 
[3/5/2026, 7:47:42 PM] Received: listCommands  from unknown
[3/5/2026, 7:47:42 PM] got gamestate for bear
[3/5/2026, 7:47:42 PM] added a client record  for 
[3/5/2026, 7:47:42 PM] data type listCommands
[3/5/2026, 7:47:42 PM] [CHIEF CHECK] Player: "", HasGameState: true, HasPopulation: true 
[3/5/2026, 7:47:42 PM] [REF CHECK] Player "" isRef:  
[3/5/2026, 7:47:42 PM] [CHIEF CHECK] Final isChief status: false 
[3/5/2026, 7:47:42 PM] [CHIEF CHECK] Filtered out 12 chief commands, sending 43 total commands 
[3/5/2026, 7:47:42 PM] [REF CHECK] Filtered out force options from 4 commands 
[3/5/2026, 7:47:43 PM] Received: helpRequest  from ursa
[3/5/2026, 7:47:43 PM] got gamestate for bug
[3/5/2026, 7:47:43 PM] added a client record  for ursa
[3/5/2026, 7:47:43 PM] data type helpRequest
[3/5/2026, 7:47:45 PM] Client disconnected: unknown 
[3/5/2026, 7:47:45 PM] Client disconnected: unknown 
[3/5/2026, 7:47:45 PM] New client connected from unknown 
[3/5/2026, 7:47:45 PM] Received: listCommands  from unknown
[3/5/2026, 7:47:45 PM] got gamestate for bear
[3/5/2026, 7:47:45 PM] added a client record  for 
[3/5/2026, 7:47:45 PM] data type listCommands
[3/5/2026, 7:47:45 PM] [CHIEF CHECK] Player: "", HasGameState: true, HasPopulation: true 
[3/5/2026, 7:47:45 PM] [REF CHECK] Player "" isRef:  
[3/5/2026, 7:47:45 PM] [CHIEF CHECK] Final isChief status: false 
[3/5/2026, 7:47:45 PM] [CHIEF CHECK] Filtered out 12 chief commands, sending 43 total commands 
[3/5/2026, 7:47:45 PM] [REF CHECK] Filtered out force options from 4 commands 
[3/5/2026, 7:47:46 PM] Received: helpRequest  from ursa
[3/5/2026, 7:47:46 PM] got gamestate for bug
[3/5/2026, 7:47:46 PM] added a client record  for ursa
[3/5/2026, 7:47:46 PM] data type helpRequest
[3/5/2026, 7:47:57 PM] Received: listCommands  from kevin
[3/5/2026, 7:47:57 PM] got gamestate for bug
[3/5/2026, 7:47:57 PM] added a client record  for kevin
[3/5/2026, 7:47:57 PM] data type listCommands
[3/5/2026, 7:47:57 PM] [CHIEF CHECK] Player: "kevin", HasGameState: true, HasPopulation: true 
[3/5/2026, 7:47:57 PM] [CHIEF CHECK] Found player: true, Chief status: true 
[3/5/2026, 7:47:57 PM] [CHIEF CHECK] Player "kevin" properties: gender,food,grain,basket,spearhead,handle,name,profession,history,vote,chief,worked,consentList,inviteIndex,inviteList,canCraft,strategy,activity,cannotInvite,isInjured
[3/5/2026, 7:47:57 PM] [REF CHECK] Player "kevin" isRef: false 
[3/5/2026, 7:47:57 PM] [CHIEF CHECK] Final isChief status: true 
[3/5/2026, 7:47:57 PM] [CHIEF CHECK] Filtered out 0 chief commands, sending 55 total commands 
[3/5/2026, 7:47:57 PM] [REF CHECK] Filtered out force options from 5 commands 
[3/5/2026, 7:48:00 PM] Received: registerRequest  from kevin
[3/5/2026, 7:48:00 PM] got gamestate for bug
[3/5/2026, 7:48:00 PM] added a client record  for kevin
[3/5/2026, 7:48:00 PM] data type registerRequest
[3/5/2026, 7:48:00 PM] [SESSION] Created session for kevin from unknown 
[3/5/2026, 7:48:00 PM] Received: listCommands  from kevin
[3/5/2026, 7:48:00 PM] got gamestate for bug
[3/5/2026, 7:48:00 PM] added a client record  for kevin
[3/5/2026, 7:48:00 PM] data type listCommands
[3/5/2026, 7:48:00 PM] [CHIEF CHECK] Player: "kevin", HasGameState: true, HasPopulation: true 
[3/5/2026, 7:48:00 PM] [CHIEF CHECK] Found player: true, Chief status: true 
[3/5/2026, 7:48:00 PM] [CHIEF CHECK] Player "kevin" properties: gender,food,grain,basket,spearhead,handle,name,profession,history,vote,chief,worked,consentList,inviteIndex,inviteList,canCraft,strategy,activity,cannotInvite,isInjured
[3/5/2026, 7:48:00 PM] [REF CHECK] Player "kevin" isRef: false 
[3/5/2026, 7:48:00 PM] [CHIEF CHECK] Final isChief status: true 
[3/5/2026, 7:48:00 PM] [CHIEF CHECK] Filtered out 0 chief commands, sending 55 total commands 
[3/5/2026, 7:48:00 PM] [REF CHECK] Filtered out force options from 5 commands 
[3/5/2026, 7:48:02 PM] Received: infoRequest  from kevin
[3/5/2026, 7:48:02 PM] Received: infoRequest  from kevin
[3/5/2026, 7:48:02 PM] Received: infoRequest  from kevin
[3/5/2026, 7:48:02 PM] got gamestate for bug
[3/5/2026, 7:48:02 PM] added a client record  for kevin
[3/5/2026, 7:48:02 PM] data type infoRequest
[3/5/2026, 7:48:02 PM] got gamestate for bug
[3/5/2026, 7:48:02 PM] added a client record  for kevin
[3/5/2026, 7:48:02 PM] data type infoRequest
[3/5/2026, 7:48:02 PM] got gamestate for bug
[3/5/2026, 7:48:02 PM] added a client record  for kevin
[3/5/2026, 7:48:02 PM] data type infoRequest
[3/5/2026, 7:48:10 PM] Received: listCommands  from Kevin
[3/5/2026, 7:48:10 PM] got gamestate for bug
[3/5/2026, 7:48:10 PM] added a client record  for Kevin
[3/5/2026, 7:48:10 PM] data type listCommands
[3/5/2026, 7:48:10 PM] [CHIEF CHECK] Player: "Kevin", HasGameState: true, HasPopulation: true 
[3/5/2026, 7:48:10 PM] [CHIEF CHECK] Found player: true, Chief status: true 
[3/5/2026, 7:48:10 PM] [CHIEF CHECK] Player "Kevin" properties: gender,food,grain,basket,spearhead,handle,name,profession,history,vote,chief,worked,consentList,inviteIndex,inviteList,canCraft,strategy,activity,cannotInvite,isInjured
[3/5/2026, 7:48:10 PM] [REF CHECK] Player "Kevin" isRef: true 
[3/5/2026, 7:48:10 PM] [CHIEF CHECK] Final isChief status: true 
[3/5/2026, 7:48:10 PM] [CHIEF CHECK] Filtered out 0 chief commands, sending 55 total commands 
[3/5/2026, 7:48:10 PM] [REF CHECK] Filtered out force options from 0 commands 
[3/5/2026, 7:48:10 PM] Received: registerRequest  from Kevin
[3/5/2026, 7:48:10 PM] got gamestate for bug
[3/5/2026, 7:48:10 PM] added a client record  for Kevin
[3/5/2026, 7:48:10 PM] data type registerRequest
[3/5/2026, 7:48:10 PM] [SESSION] Created session for Kevin from unknown 
[3/5/2026, 7:48:10 PM] Received: listCommands  from Kevin
[3/5/2026, 7:48:10 PM] got gamestate for bug
[3/5/2026, 7:48:10 PM] added a client record  for Kevin
[3/5/2026, 7:48:10 PM] data type listCommands
[3/5/2026, 7:48:10 PM] [CHIEF CHECK] Player: "Kevin", HasGameState: true, HasPopulation: true 
[3/5/2026, 7:48:10 PM] [CHIEF CHECK] Found player: true, Chief status: true 
[3/5/2026, 7:48:10 PM] [CHIEF CHECK] Player "Kevin" properties: gender,food,grain,basket,spearhead,handle,name,profession,history,vote,chief,worked,consentList,inviteIndex,inviteList,canCraft,strategy,activity,cannotInvite,isInjured
[3/5/2026, 7:48:10 PM] [REF CHECK] Player "Kevin" isRef: true 
[3/5/2026, 7:48:10 PM] [CHIEF CHECK] Final isChief status: true 
[3/5/2026, 7:48:10 PM] [CHIEF CHECK] Filtered out 0 chief commands, sending 55 total commands 
[3/5/2026, 7:48:10 PM] [REF CHECK] Filtered out force options from 0 commands 
[3/5/2026, 7:48:14 PM] Received: infoRequest  from Kevin
[3/5/2026, 7:48:14 PM] Received: infoRequest  from Kevin
[3/5/2026, 7:48:14 PM] got gamestate for bug
[3/5/2026, 7:48:14 PM] added a client record  for Kevin
[3/5/2026, 7:48:14 PM] data type infoRequest
[3/5/2026, 7:48:14 PM] got gamestate for bug
[3/5/2026, 7:48:14 PM] added a client record  for Kevin
[3/5/2026, 7:48:14 PM] data type infoRequest
[3/5/2026, 7:48:14 PM] Received: infoRequest  from Kevin
[3/5/2026, 7:48:14 PM] got gamestate for bug
[3/5/2026, 7:48:14 PM] added a client record  for Kevin
[3/5/2026, 7:48:14 PM] data type infoRequest
[3/5/2026, 7:48:22 PM] Received: registerRequest  from ursa
[3/5/2026, 7:48:22 PM] got gamestate for bug
[3/5/2026, 7:48:22 PM] added a client record  for ursa
[3/5/2026, 7:48:22 PM] data type registerRequest
[3/5/2026, 7:48:23 PM] [SESSION] Created session for ursa from unknown 
[3/5/2026, 7:48:23 PM] Received: listCommands  from ursa
[3/5/2026, 7:48:23 PM] got gamestate for bug
[3/5/2026, 7:48:23 PM] added a client record  for ursa
[3/5/2026, 7:48:23 PM] data type listCommands
[3/5/2026, 7:48:23 PM] [CHIEF CHECK] Player: "ursa", HasGameState: true, HasPopulation: true 
[3/5/2026, 7:48:23 PM] [CHIEF CHECK] Found player: false, Chief status: N/A 
[3/5/2026, 7:48:23 PM] [REF CHECK] Player "ursa" isRef: false 
[3/5/2026, 7:48:23 PM] [CHIEF CHECK] Final isChief status: null 
[3/5/2026, 7:48:23 PM] [CHIEF CHECK] Filtered out 12 chief commands, sending 43 total commands 
[3/5/2026, 7:48:23 PM] [REF CHECK] Filtered out force options from 4 commands 
[3/5/2026, 7:48:32 PM] Received: listCommands  from sockpuppet
[3/5/2026, 7:48:32 PM] got gamestate for bug
[3/5/2026, 7:48:32 PM] added a client record  for sockpuppet
[3/5/2026, 7:48:32 PM] data type listCommands
[3/5/2026, 7:48:32 PM] [CHIEF CHECK] Player: "sockpuppet", HasGameState: true, HasPopulation: true 
[3/5/2026, 7:48:32 PM] [CHIEF CHECK] Found player: true, Chief status: undefined 
[3/5/2026, 7:48:32 PM] [CHIEF CHECK] Player "sockpuppet" properties: gender,food,grain,basket,spearhead,handle,name,strength,profession,canCraft,history,vote,worked,consentList,inviteIndex,inviteList,guarding,activity,cannotInvite,isPregnant
[3/5/2026, 7:48:32 PM] [REF CHECK] Player "sockpuppet" isRef: false 
[3/5/2026, 7:48:32 PM] [CHIEF CHECK] Final isChief status: undefined 
[3/5/2026, 7:48:32 PM] [CHIEF CHECK] Filtered out 12 chief commands, sending 43 total commands 
[3/5/2026, 7:48:32 PM] [REF CHECK] Filtered out force options from 4 commands 
[3/5/2026, 7:48:36 PM] Received: registerRequest  from sockpuppet
[3/5/2026, 7:48:36 PM] got gamestate for bug
[3/5/2026, 7:48:36 PM] added a client record  for sockpuppet
[3/5/2026, 7:48:36 PM] data type registerRequest
[3/5/2026, 7:48:36 PM] [SESSION] Created session for sockpuppet from unknown 
[3/5/2026, 7:48:36 PM] Received: listCommands  from sockpuppet
[3/5/2026, 7:48:36 PM] got gamestate for bug
[3/5/2026, 7:48:36 PM] added a client record  for sockpuppet
[3/5/2026, 7:48:36 PM] data type listCommands
[3/5/2026, 7:48:36 PM] [CHIEF CHECK] Player: "sockpuppet", HasGameState: true, HasPopulation: true 
[3/5/2026, 7:48:36 PM] [CHIEF CHECK] Found player: true, Chief status: undefined 
[3/5/2026, 7:48:36 PM] [CHIEF CHECK] Player "sockpuppet" properties: gender,food,grain,basket,spearhead,handle,name,strength,profession,canCraft,history,vote,worked,consentList,inviteIndex,inviteList,guarding,activity,cannotInvite,isPregnant
[3/5/2026, 7:48:36 PM] [REF CHECK] Player "sockpuppet" isRef: false 
[3/5/2026, 7:48:36 PM] [CHIEF CHECK] Final isChief status: undefined 
[3/5/2026, 7:48:36 PM] [CHIEF CHECK] Filtered out 12 chief commands, sending 43 total commands 
[3/5/2026, 7:48:36 PM] [REF CHECK] Filtered out force options from 4 commands 
[3/5/2026, 7:48:38 PM] Received: infoRequest  from sockpuppet
[3/5/2026, 7:48:38 PM] got gamestate for bug
[3/5/2026, 7:48:38 PM] added a client record  for sockpuppet
[3/5/2026, 7:48:38 PM] data type infoRequest
[3/5/2026, 7:48:38 PM] Received: infoRequest  from sockpuppet
[3/5/2026, 7:48:39 PM] Received: infoRequest  from sockpuppet
[3/5/2026, 7:48:39 PM] got gamestate for bug
[3/5/2026, 7:48:39 PM] added a client record  for sockpuppet
[3/5/2026, 7:48:39 PM] data type infoRequest
[3/5/2026, 7:48:39 PM] got gamestate for bug
[3/5/2026, 7:48:39 PM] added a client record  for sockpuppet
[3/5/2026, 7:48:39 PM] data type infoRequest
[3/5/2026, 7:50:16 PM] Received: command induct from Kevin
[3/5/2026, 7:50:16 PM] got gamestate for bug
[3/5/2026, 7:50:16 PM] added a client record  for Kevin
[3/5/2026, 7:50:16 PM] data type command
[3/5/2026, 7:50:16 PM] Refreshing game data for 3 members of bug tribe 
[3/5/2026, 7:55:24 PM] Loaded command: exportgame (admin) 
[3/5/2026, 7:55:24 PM] Loaded command: importgame (admin) 
[3/5/2026, 7:55:25 PM] Loaded command: join (admin) 
[3/5/2026, 7:55:25 PM] Loaded command: secrets (admin) 
[3/5/2026, 7:55:25 PM] Loaded command: specialize (admin) 
[3/5/2026, 7:55:25 PM] Loaded command: vote (admin) 
[3/5/2026, 7:55:25 PM] Loaded command: banish (chief) 
[3/5/2026, 7:55:25 PM] Loaded command: chance (chief) 
[3/5/2026, 7:55:25 PM] Loaded command: close (chief) 
[3/5/2026, 7:55:25 PM] Loaded command: decree (chief) 
[3/5/2026, 7:55:25 PM] Loaded command: endgame (chief) 
[3/5/2026, 7:55:25 PM] Loaded command: induct (chief) 
[3/5/2026, 7:55:25 PM] Loaded command: migrate (chief) 
[3/5/2026, 7:55:25 PM] Loaded command: open (chief) 
[3/5/2026, 7:55:25 PM] Loaded command: skip (chief) 
[3/5/2026, 7:55:25 PM] Loaded command: startfood (chief) 
[3/5/2026, 7:55:25 PM] Loaded command: startreproduction (chief) 
[3/5/2026, 7:55:25 PM] Loaded command: startwork (chief) 
[3/5/2026, 7:55:25 PM] Loaded command: attack (conflict) 
[3/5/2026, 7:55:25 PM] Loaded command: defend (conflict) 
[3/5/2026, 7:55:25 PM] Loaded command: demand (conflict) 
[3/5/2026, 7:55:25 PM] Loaded command: faction (conflict) 
[3/5/2026, 7:55:25 PM] Loaded command: run (conflict) 
[3/5/2026, 7:55:25 PM] Loaded command: give (general) 
[3/5/2026, 7:55:25 PM] Loaded command: graveyard (general) 
[3/5/2026, 7:55:25 PM] Loaded command: help (general) 
[3/5/2026, 7:55:25 PM] Loaded command: history (general) 
[3/5/2026, 7:55:25 PM] Loaded command: inventory (general) 
[3/5/2026, 7:55:25 PM] Loaded command: jerky (general) 
[3/5/2026, 7:55:25 PM] Loaded command: law (general) 
[3/5/2026, 7:55:25 PM] Loaded command: ping (general) 
[3/5/2026, 7:55:25 PM] Loaded command: rollsomedice (general) 
[3/5/2026, 7:55:25 PM] Loaded command: sacrifice (general) 
[3/5/2026, 7:55:25 PM] Loaded command: scout (general) 
[3/5/2026, 7:55:25 PM] Loaded command: status (general) 
[3/5/2026, 7:55:25 PM] Loaded command: babysit (reproduction) 
[3/5/2026, 7:55:25 PM] Loaded command: checkmating (reproduction) 
[3/5/2026, 7:55:25 PM] Loaded command: children (reproduction) 
[3/5/2026, 7:55:25 PM] Loaded command: consent (reproduction) 
[3/5/2026, 7:55:25 PM] Loaded command: decline (reproduction) 
[3/5/2026, 7:55:25 PM] Loaded command: invite (reproduction) 
[3/5/2026, 7:55:25 PM] Loaded command: pass (reproduction) 
[3/5/2026, 7:55:25 PM] Loaded command: romance (reproduction) 
[3/5/2026, 7:55:25 PM] Loaded command: scorechildren (reproduction) 
[3/5/2026, 7:55:25 PM] Loaded command: feed (rounds) 
[3/5/2026, 7:55:25 PM] Loaded command: foodcheck (rounds) 
[3/5/2026, 7:55:25 PM] Loaded command: leastguarded (rounds) 
[3/5/2026, 7:55:25 PM] Loaded command: ready (rounds) 
[3/5/2026, 7:55:25 PM] Loaded command: craft (work) 
[3/5/2026, 7:55:25 PM] Loaded command: gather (work) 
[3/5/2026, 7:55:25 PM] Loaded command: guard (work) 
[3/5/2026, 7:55:25 PM] Loaded command: hunt (work) 
[3/5/2026, 7:55:25 PM] Loaded command: idle (work) 
[3/5/2026, 7:55:25 PM] Loaded command: ignore (work) 
[3/5/2026, 7:55:25 PM] Loaded command: train (work) 
[3/5/2026, 7:55:25 PM] Tribes server (WebSocket + HTTP) started on port 8000 
[3/5/2026, 7:55:25 PM] Local access: 
[3/5/2026, 7:55:25 PM]   Health check: http://localhost:8000/health 
[3/5/2026, 7:55:25 PM]   Game interface: http://localhost:8000/ 
[3/5/2026, 7:55:25 PM] Network access: 
[3/5/2026, 7:55:25 PM]   Health check: http://192.168.1.20:8000/health 
[3/5/2026, 7:55:25 PM]   Game interface: http://192.168.1.20:8000/ 
[3/5/2026, 7:55:25 PM] Share the network URL with others on your local network! 
[3/5/2026, 7:55:26 PM] New client connected from unknown 
[3/5/2026, 7:55:26 PM] Received: listCommands  from Kevin
[3/5/2026, 7:55:26 PM] got gamestate for bug
[3/5/2026, 7:55:26 PM] added a client record  for Kevin
[3/5/2026, 7:55:26 PM] data type listCommands
[3/5/2026, 7:55:26 PM] [CHIEF CHECK] Player: "Kevin", HasGameState: true, HasPopulation: true 
[3/5/2026, 7:55:26 PM] [CHIEF CHECK] Found player: true, Chief status: true 
[3/5/2026, 7:55:26 PM] [CHIEF CHECK] Player "Kevin" properties: gender,food,grain,basket,spearhead,handle,name,profession,history,vote,chief,worked,consentList,inviteIndex,inviteList,canCraft,strategy,activity,cannotInvite,isInjured
[3/5/2026, 7:55:26 PM] [REF CHECK] Player "Kevin" isRef: true 
[3/5/2026, 7:55:26 PM] [CHIEF CHECK] Final isChief status: true 
[3/5/2026, 7:55:26 PM] [CHIEF CHECK] Filtered out 0 chief commands, sending 55 total commands 
[3/5/2026, 7:55:26 PM] [REF CHECK] Filtered out force options from 0 commands 
[3/5/2026, 7:55:26 PM] New client connected from unknown 
[3/5/2026, 7:55:26 PM] Received: listCommands  from sockpuppet
[3/5/2026, 7:55:26 PM] got gamestate for bug
[3/5/2026, 7:55:26 PM] added a client record  for sockpuppet
[3/5/2026, 7:55:26 PM] data type listCommands
[3/5/2026, 7:55:26 PM] [CHIEF CHECK] Player: "sockpuppet", HasGameState: true, HasPopulation: true 
[3/5/2026, 7:55:26 PM] [CHIEF CHECK] Found player: true, Chief status: undefined 
[3/5/2026, 7:55:26 PM] [CHIEF CHECK] Player "sockpuppet" properties: gender,food,grain,basket,spearhead,handle,name,strength,profession,canCraft,history,vote,worked,consentList,inviteIndex,inviteList,guarding,activity,cannotInvite,isPregnant
[3/5/2026, 7:55:26 PM] [REF CHECK] Player "sockpuppet" isRef: false 
[3/5/2026, 7:55:26 PM] [CHIEF CHECK] Final isChief status: undefined 
[3/5/2026, 7:55:26 PM] [CHIEF CHECK] Filtered out 12 chief commands, sending 43 total commands 
[3/5/2026, 7:55:26 PM] [REF CHECK] Filtered out force options from 4 commands 
[3/5/2026, 7:55:26 PM] New client connected from unknown 
[3/5/2026, 7:55:26 PM] New client connected from unknown 
[3/5/2026, 7:55:26 PM] Received: listCommands  from ursa
[3/5/2026, 7:55:26 PM] got gamestate for bug
[3/5/2026, 7:55:26 PM] added a client record  for ursa
[3/5/2026, 7:55:26 PM] data type listCommands
[3/5/2026, 7:55:26 PM] [CHIEF CHECK] Player: "ursa", HasGameState: true, HasPopulation: true 
[3/5/2026, 7:55:26 PM] [CHIEF CHECK] Found player: false, Chief status: N/A 
[3/5/2026, 7:55:26 PM] [REF CHECK] Player "ursa" isRef: false 
[3/5/2026, 7:55:26 PM] [CHIEF CHECK] Final isChief status: null 
[3/5/2026, 7:55:26 PM] [CHIEF CHECK] Filtered out 12 chief commands, sending 43 total commands 
[3/5/2026, 7:55:26 PM] [REF CHECK] Filtered out force options from 4 commands 
[3/5/2026, 7:55:26 PM] New client connected from unknown 
[3/5/2026, 7:55:26 PM] Received: listCommands  from Kevin
[3/5/2026, 7:55:26 PM] got gamestate for bug
[3/5/2026, 7:55:26 PM] added a client record  for Kevin
[3/5/2026, 7:55:26 PM] data type listCommands
[3/5/2026, 7:55:26 PM] [CHIEF CHECK] Player: "Kevin", HasGameState: true, HasPopulation: true 
[3/5/2026, 7:55:26 PM] [CHIEF CHECK] Found player: true, Chief status: true 
[3/5/2026, 7:55:26 PM] [CHIEF CHECK] Player "Kevin" properties: gender,food,grain,basket,spearhead,handle,name,profession,history,vote,chief,worked,consentList,inviteIndex,inviteList,canCraft,strategy,activity,cannotInvite,isInjured
[3/5/2026, 7:55:26 PM] [REF CHECK] Player "Kevin" isRef: true 
[3/5/2026, 7:55:26 PM] [CHIEF CHECK] Final isChief status: true 
[3/5/2026, 7:55:26 PM] [CHIEF CHECK] Filtered out 0 chief commands, sending 55 total commands 
[3/5/2026, 7:55:26 PM] [REF CHECK] Filtered out force options from 0 commands 
[3/5/2026, 7:55:26 PM] New client connected from unknown 
[3/5/2026, 7:55:26 PM] Received: listCommands  from sockpuppet
[3/5/2026, 7:55:26 PM] got gamestate for bug
[3/5/2026, 7:55:26 PM] added a client record  for sockpuppet
[3/5/2026, 7:55:26 PM] data type listCommands
[3/5/2026, 7:55:26 PM] [CHIEF CHECK] Player: "sockpuppet", HasGameState: true, HasPopulation: true 
[3/5/2026, 7:55:26 PM] [CHIEF CHECK] Found player: true, Chief status: undefined 
[3/5/2026, 7:55:26 PM] [CHIEF CHECK] Player "sockpuppet" properties: gender,food,grain,basket,spearhead,handle,name,strength,profession,canCraft,history,vote,worked,consentList,inviteIndex,inviteList,guarding,activity,cannotInvite,isPregnant
[3/5/2026, 7:55:26 PM] [REF CHECK] Player "sockpuppet" isRef: false 
[3/5/2026, 7:55:26 PM] [CHIEF CHECK] Final isChief status: undefined 
[3/5/2026, 7:55:26 PM] [CHIEF CHECK] Filtered out 12 chief commands, sending 43 total commands 
[3/5/2026, 7:55:26 PM] [REF CHECK] Filtered out force options from 4 commands 
[3/5/2026, 7:55:26 PM] New client connected from unknown 
[3/5/2026, 7:55:26 PM] Received: listCommands  from ursa
[3/5/2026, 7:55:26 PM] got gamestate for bug
[3/5/2026, 7:55:26 PM] added a client record  for ursa
[3/5/2026, 7:55:26 PM] data type listCommands
[3/5/2026, 7:55:26 PM] [CHIEF CHECK] Player: "ursa", HasGameState: true, HasPopulation: true 
[3/5/2026, 7:55:26 PM] [CHIEF CHECK] Found player: false, Chief status: N/A 
[3/5/2026, 7:55:26 PM] [REF CHECK] Player "ursa" isRef: false 
[3/5/2026, 7:55:26 PM] [CHIEF CHECK] Final isChief status: null 
[3/5/2026, 7:55:26 PM] [CHIEF CHECK] Filtered out 12 chief commands, sending 43 total commands 
[3/5/2026, 7:55:26 PM] [REF CHECK] Filtered out force options from 4 commands 
[3/5/2026, 7:55:32 PM] Client disconnected: unknown 
[3/5/2026, 7:55:32 PM] Client disconnected: unknown 
[3/5/2026, 7:55:32 PM] New client connected from unknown 
[3/5/2026, 7:55:32 PM] Received: listCommands  from unknown
[3/5/2026, 7:55:32 PM] got gamestate for bear
[3/5/2026, 7:55:32 PM] added a client record  for 
[3/5/2026, 7:55:32 PM] data type listCommands
[3/5/2026, 7:55:32 PM] [CHIEF CHECK] Player: "", HasGameState: true, HasPopulation: true 
[3/5/2026, 7:55:32 PM] [REF CHECK] Player "" isRef:  
[3/5/2026, 7:55:32 PM] [CHIEF CHECK] Final isChief status: false 
[3/5/2026, 7:55:32 PM] [CHIEF CHECK] Filtered out 12 chief commands, sending 43 total commands 
[3/5/2026, 7:55:32 PM] [REF CHECK] Filtered out force options from 4 commands 
[3/5/2026, 7:55:33 PM] Received: helpRequest  from sockpuppet
[3/5/2026, 7:55:33 PM] got gamestate for bug
[3/5/2026, 7:55:33 PM] added a client record  for sockpuppet
[3/5/2026, 7:55:33 PM] data type helpRequest
[3/5/2026, 7:55:38 PM] Received: listCommands  from Kevin
[3/5/2026, 7:55:38 PM] got gamestate for bug
[3/5/2026, 7:55:38 PM] added a client record  for Kevin
[3/5/2026, 7:55:38 PM] data type listCommands
[3/5/2026, 7:55:38 PM] [CHIEF CHECK] Player: "Kevin", HasGameState: true, HasPopulation: true 
[3/5/2026, 7:55:38 PM] [CHIEF CHECK] Found player: true, Chief status: true 
[3/5/2026, 7:55:38 PM] [CHIEF CHECK] Player "Kevin" properties: gender,food,grain,basket,spearhead,handle,name,profession,history,vote,chief,worked,consentList,inviteIndex,inviteList,canCraft,strategy,activity,cannotInvite,isInjured
[3/5/2026, 7:55:38 PM] [REF CHECK] Player "Kevin" isRef: true 
[3/5/2026, 7:55:38 PM] [CHIEF CHECK] Final isChief status: true 
[3/5/2026, 7:55:38 PM] [CHIEF CHECK] Filtered out 0 chief commands, sending 55 total commands 
[3/5/2026, 7:55:38 PM] [REF CHECK] Filtered out force options from 0 commands 
[3/5/2026, 7:55:43 PM] Received: registerRequest  from Kevin
[3/5/2026, 7:55:43 PM] got gamestate for bug
[3/5/2026, 7:55:43 PM] added a client record  for Kevin
[3/5/2026, 7:55:43 PM] data type registerRequest
[3/5/2026, 7:55:43 PM] [SESSION] Created session for Kevin from unknown 
[3/5/2026, 7:55:43 PM] Received: listCommands  from Kevin
[3/5/2026, 7:55:43 PM] got gamestate for bug
[3/5/2026, 7:55:43 PM] added a client record  for Kevin
[3/5/2026, 7:55:43 PM] data type listCommands
[3/5/2026, 7:55:43 PM] [CHIEF CHECK] Player: "Kevin", HasGameState: true, HasPopulation: true 
[3/5/2026, 7:55:43 PM] [CHIEF CHECK] Found player: true, Chief status: true 
[3/5/2026, 7:55:43 PM] [CHIEF CHECK] Player "Kevin" properties: gender,food,grain,basket,spearhead,handle,name,profession,history,vote,chief,worked,consentList,inviteIndex,inviteList,canCraft,strategy,activity,cannotInvite,isInjured
[3/5/2026, 7:55:43 PM] [REF CHECK] Player "Kevin" isRef: true 
[3/5/2026, 7:55:43 PM] [CHIEF CHECK] Final isChief status: true 
[3/5/2026, 7:55:43 PM] [CHIEF CHECK] Filtered out 0 chief commands, sending 55 total commands 
[3/5/2026, 7:55:43 PM] [REF CHECK] Filtered out force options from 0 commands 
[3/5/2026, 7:55:51 PM] Received: infoRequest  from Kevin
[3/5/2026, 7:55:51 PM] got gamestate for bug
[3/5/2026, 7:55:51 PM] added a client record  for Kevin
[3/5/2026, 7:55:51 PM] data type infoRequest
[3/5/2026, 8:23:30 PM] [SESSION] Created session for testPlayer from 192.168.1.1 
[3/5/2026, 8:23:30 PM] [SESSION] Created session for testPlayer from unknown 
[3/5/2026, 8:23:30 PM] [SESSION] Created session for testPlayer from unknown 
[3/5/2026, 8:23:30 PM] [SESSION] Created session for testPlayer from unknown 
[3/5/2026, 8:23:30 PM] [SESSION] Created session for testPlayer from unknown 
[3/5/2026, 8:23:30 PM] [SESSION] Created session for testPlayer from unknown 
[3/5/2026, 8:23:30 PM] [SESSION] Created session for testPlayer from unknown 
[3/5/2026, 8:23:30 PM] [SESSION] Destroyed session for testPlayer 
[3/5/2026, 8:23:30 PM] [SESSION] Created session for testPlayer from unknown 
[3/5/2026, 8:23:30 PM] [SESSION] Destroyed session for testPlayer 
[3/5/2026, 8:23:30 PM] [SESSION] Created session for testPlayer from unknown 
[3/5/2026, 8:23:30 PM] [SESSION] Created session for testPlayer from unknown 
[3/5/2026, 8:23:30 PM] [SESSION] Destroyed session for testPlayer 
[3/5/2026, 8:23:30 PM] [SESSION] Created session for testPlayer from unknown 
[3/5/2026, 8:23:30 PM] [SESSION] Created session for testPlayer from unknown 
[3/5/2026, 8:23:30 PM] [SESSION] Created session for testPlayer from unknown 
[3/5/2026, 8:23:30 PM] [SESSION] Destroyed all sessions for testPlayer 
[3/5/2026, 8:23:30 PM] [SESSION] Created session for player1 from unknown 
[3/5/2026, 8:23:30 PM] [SESSION] Created session for player2 from unknown 
[3/5/2026, 8:23:30 PM] [SESSION] Destroyed all sessions for player1 
[3/5/2026, 8:23:30 PM] Failed login attempt for testUser. Count: 1 
[3/5/2026, 8:23:30 PM] Failed login attempt for testUser. Count: 1 
[3/5/2026, 8:23:30 PM] Failed login attempt for testUser. Count: 2 
[3/5/2026, 8:23:30 PM] Failed login attempt for testUser. Count: 3 
[3/5/2026, 8:23:30 PM] Failed login attempt for testUser. Count: 1 
[3/5/2026, 8:23:30 PM] Failed login attempt for testUser. Count: 2 
[3/5/2026, 8:23:30 PM] Failed login attempt for testUser. Count: 3 
[3/5/2026, 8:23:30 PM] Failed login attempt for testUser. Count: 4 
[3/5/2026, 8:23:30 PM] Failed login attempt for testUser. Count: 5 
[3/5/2026, 8:23:30 PM] Failed login attempt for testUser. Count: 1 
[3/5/2026, 8:23:30 PM] Failed login attempt for testUser. Count: 2 
[3/5/2026, 8:23:30 PM] [SESSION] Created session for testPlayer from 192.168.1.1 
[3/5/2026, 8:23:30 PM] [SESSION] Created session for testPlayer from unknown 
[3/5/2026, 8:23:30 PM] [SESSION] Created session for testPlayer from unknown 
[3/5/2026, 8:23:30 PM] [SESSION] Created session for testPlayer from unknown 
[3/5/2026, 8:23:30 PM] [SESSION] Created session for testPlayer from unknown 
[3/5/2026, 8:23:30 PM] [SESSION] Created session for testPlayer from unknown 
[3/5/2026, 8:23:30 PM] [SESSION] Created session for testPlayer from unknown 
[3/5/2026, 8:23:30 PM] [SESSION] Destroyed session for testPlayer 
[3/5/2026, 8:23:30 PM] [SESSION] Created session for testPlayer from unknown 
[3/5/2026, 8:23:30 PM] [SESSION] Destroyed session for testPlayer 
[3/5/2026, 8:23:30 PM] [SESSION] Created session for testPlayer from unknown 
[3/5/2026, 8:23:30 PM] [SESSION] Created session for testPlayer from unknown 
[3/5/2026, 8:23:30 PM] [SESSION] Destroyed session for testPlayer 
[3/5/2026, 8:23:30 PM] [SESSION] Created session for testPlayer from unknown 
[3/5/2026, 8:23:30 PM] [SESSION] Created session for testPlayer from unknown 
[3/5/2026, 8:23:30 PM] [SESSION] Created session for testPlayer from unknown 
[3/5/2026, 8:23:30 PM] [SESSION] Destroyed all sessions for testPlayer 
[3/5/2026, 8:23:30 PM] [SESSION] Created session for player1 from unknown 
[3/5/2026, 8:23:30 PM] [SESSION] Created session for player2 from unknown 
[3/5/2026, 8:23:30 PM] [SESSION] Destroyed all sessions for player1 
[3/5/2026, 8:23:30 PM] Failed login attempt for testUser. Count: 1 
[3/5/2026, 8:23:30 PM] Failed login attempt for testUser. Count: 1 
[3/5/2026, 8:23:30 PM] Failed login attempt for testUser. Count: 2 
[3/5/2026, 8:23:30 PM] Failed login attempt for testUser. Count: 3 
[3/5/2026, 8:23:30 PM] Failed login attempt for testUser. Count: 1 
[3/5/2026, 8:23:30 PM] Failed login attempt for testUser. Count: 2 
[3/5/2026, 8:23:30 PM] Failed login attempt for testUser. Count: 3 
[3/5/2026, 8:23:30 PM] Failed login attempt for testUser. Count: 4 
[3/5/2026, 8:23:30 PM] Failed login attempt for testUser. Count: 5 
[3/5/2026, 8:23:30 PM] Failed login attempt for testUser. Count: 1 
[3/5/2026, 8:23:30 PM] Failed login attempt for testUser. Count: 2 
[3/5/2026, 8:27:34 PM] Loaded command: exportgame (admin) 
[3/5/2026, 8:27:34 PM] Loaded command: importgame (admin) 
[3/5/2026, 8:27:35 PM] Loaded command: join (admin) 
[3/5/2026, 8:27:35 PM] Loaded command: secrets (admin) 
[3/5/2026, 8:27:35 PM] Loaded command: specialize (admin) 
[3/5/2026, 8:27:35 PM] Loaded command: vote (admin) 
[3/5/2026, 8:27:35 PM] Loaded command: banish (chief) 
[3/5/2026, 8:27:35 PM] Loaded command: chance (chief) 
[3/5/2026, 8:27:35 PM] Loaded command: close (chief) 
[3/5/2026, 8:27:35 PM] Loaded command: decree (chief) 
[3/5/2026, 8:27:35 PM] Loaded command: endgame (chief) 
[3/5/2026, 8:27:35 PM] Loaded command: induct (chief) 
[3/5/2026, 8:27:35 PM] Loaded command: migrate (chief) 
[3/5/2026, 8:27:35 PM] Loaded command: open (chief) 
[3/5/2026, 8:27:35 PM] Loaded command: skip (chief) 
[3/5/2026, 8:27:35 PM] Loaded command: startfood (chief) 
[3/5/2026, 8:27:35 PM] Loaded command: startreproduction (chief) 
[3/5/2026, 8:27:35 PM] Loaded command: startwork (chief) 
[3/5/2026, 8:27:35 PM] Loaded command: attack (conflict) 
[3/5/2026, 8:27:35 PM] Loaded command: defend (conflict) 
[3/5/2026, 8:27:35 PM] Loaded command: demand (conflict) 
[3/5/2026, 8:27:35 PM] Loaded command: faction (conflict) 
[3/5/2026, 8:27:35 PM] Loaded command: run (conflict) 
[3/5/2026, 8:27:35 PM] Loaded command: give (general) 
[3/5/2026, 8:27:35 PM] Loaded command: graveyard (general) 
[3/5/2026, 8:27:35 PM] Loaded command: help (general) 
[3/5/2026, 8:27:35 PM] Loaded command: history (general) 
[3/5/2026, 8:27:35 PM] Loaded command: inventory (general) 
[3/5/2026, 8:27:35 PM] Loaded command: jerky (general) 
[3/5/2026, 8:27:35 PM] Loaded command: law (general) 
[3/5/2026, 8:27:35 PM] Loaded command: ping (general) 
[3/5/2026, 8:27:35 PM] Loaded command: rollsomedice (general) 
[3/5/2026, 8:27:35 PM] Loaded command: sacrifice (general) 
[3/5/2026, 8:27:35 PM] Loaded command: scout (general) 
[3/5/2026, 8:27:35 PM] Loaded command: status (general) 
[3/5/2026, 8:27:35 PM] Loaded command: babysit (reproduction) 
[3/5/2026, 8:27:35 PM] Loaded command: checkmating (reproduction) 
[3/5/2026, 8:27:35 PM] Loaded command: children (reproduction) 
[3/5/2026, 8:27:35 PM] Loaded command: consent (reproduction) 
[3/5/2026, 8:27:35 PM] Loaded command: decline (reproduction) 
[3/5/2026, 8:27:35 PM] Loaded command: invite (reproduction) 
[3/5/2026, 8:27:35 PM] Loaded command: pass (reproduction) 
[3/5/2026, 8:27:35 PM] Loaded command: romance (reproduction) 
[3/5/2026, 8:27:35 PM] Loaded command: scorechildren (reproduction) 
[3/5/2026, 8:27:35 PM] Loaded command: feed (rounds) 
[3/5/2026, 8:27:35 PM] Loaded command: foodcheck (rounds) 
[3/5/2026, 8:27:35 PM] Loaded command: leastguarded (rounds) 
[3/5/2026, 8:27:35 PM] Loaded command: ready (rounds) 
[3/5/2026, 8:27:35 PM] Loaded command: craft (work) 
[3/5/2026, 8:27:35 PM] Loaded command: gather (work) 
[3/5/2026, 8:27:35 PM] Loaded command: guard (work) 
[3/5/2026, 8:27:35 PM] Loaded command: hunt (work) 
[3/5/2026, 8:27:35 PM] Loaded command: idle (work) 
[3/5/2026, 8:27:35 PM] Loaded command: ignore (work) 
[3/5/2026, 8:27:35 PM] Loaded command: train (work) 
[3/5/2026, 8:27:35 PM] Tribes server (WebSocket + HTTP) started on port 8000 
[3/5/2026, 8:27:35 PM] Local access: 
[3/5/2026, 8:27:35 PM]   Health check: http://localhost:8000/health 
[3/5/2026, 8:27:35 PM]   Game interface: http://localhost:8000/ 
[3/5/2026, 8:27:35 PM] Network access: 
[3/5/2026, 8:27:35 PM]   Health check: http://192.168.1.20:8000/health 
[3/5/2026, 8:27:35 PM]   Game interface: http://192.168.1.20:8000/ 
[3/5/2026, 8:27:35 PM] Share the network URL with others on your local network! 
[3/5/2026, 8:27:47 PM] New client connected from unknown 
[3/5/2026, 8:27:47 PM] Received: listCommands  from unknown
[3/5/2026, 8:27:47 PM] got gamestate for bear
[3/5/2026, 8:27:47 PM] added a client record  for 
[3/5/2026, 8:27:47 PM] data type listCommands
[3/5/2026, 8:27:47 PM] [CHIEF CHECK] Player: "", HasGameState: true, HasPopulation: true 
[3/5/2026, 8:27:47 PM] [REF CHECK] Player "" isRef:  
[3/5/2026, 8:27:47 PM] [CHIEF CHECK] Final isChief status: false 
[3/5/2026, 8:27:47 PM] [CHIEF CHECK] Filtered out 12 chief commands, sending 43 total commands 
[3/5/2026, 8:27:47 PM] [REF CHECK] Filtered out force options from 4 commands 
[3/5/2026, 8:27:48 PM] Received: helpRequest  from Kevin
[3/5/2026, 8:27:48 PM] got gamestate for bug
[3/5/2026, 8:27:48 PM] added a client record  for Kevin
[3/5/2026, 8:27:48 PM] data type helpRequest
[3/5/2026, 8:27:53 PM] New client connected from unknown 
[3/5/2026, 8:27:53 PM] New client connected from unknown 
[3/5/2026, 8:27:53 PM] New client connected from unknown 
[3/5/2026, 8:27:53 PM] Received: listCommands  from ursa
[3/5/2026, 8:27:53 PM] got gamestate for bug
[3/5/2026, 8:27:53 PM] added a client record  for ursa
[3/5/2026, 8:27:53 PM] data type listCommands
[3/5/2026, 8:27:53 PM] [CHIEF CHECK] Player: "ursa", HasGameState: true, HasPopulation: true 
[3/5/2026, 8:27:53 PM] [CHIEF CHECK] Found player: false, Chief status: N/A 
[3/5/2026, 8:27:53 PM] [REF CHECK] Player "ursa" isRef: false 
[3/5/2026, 8:27:53 PM] [CHIEF CHECK] Final isChief status: null 
[3/5/2026, 8:27:53 PM] [CHIEF CHECK] Filtered out 12 chief commands, sending 43 total commands 
[3/5/2026, 8:27:53 PM] [REF CHECK] Filtered out force options from 4 commands 
[3/5/2026, 8:27:54 PM] Client disconnected: unknown 
[3/5/2026, 8:27:54 PM] Client disconnected: unknown 
[3/5/2026, 8:27:54 PM] Client disconnected: unknown 
[3/5/2026, 8:27:54 PM] New client connected from unknown 
[3/5/2026, 8:27:54 PM] Received: listCommands  from unknown
[3/5/2026, 8:27:54 PM] got gamestate for bear
[3/5/2026, 8:27:54 PM] added a client record  for 
[3/5/2026, 8:27:54 PM] data type listCommands
[3/5/2026, 8:27:54 PM] [CHIEF CHECK] Player: "", HasGameState: true, HasPopulation: true 
[3/5/2026, 8:27:54 PM] [REF CHECK] Player "" isRef:  
[3/5/2026, 8:27:54 PM] [CHIEF CHECK] Final isChief status: false 
[3/5/2026, 8:27:54 PM] [CHIEF CHECK] Filtered out 12 chief commands, sending 43 total commands 
[3/5/2026, 8:27:54 PM] [REF CHECK] Filtered out force options from 4 commands 
[3/5/2026, 8:27:55 PM] Received: helpRequest  from Kevin
[3/5/2026, 8:27:55 PM] got gamestate for bug
[3/5/2026, 8:27:55 PM] added a client record  for Kevin
[3/5/2026, 8:27:55 PM] data type helpRequest
[3/5/2026, 8:27:57 PM] New client connected from unknown 
[3/5/2026, 8:27:57 PM] New client connected from unknown 
[3/5/2026, 8:27:57 PM] Received: listCommands  from sockpuppet
[3/5/2026, 8:27:57 PM] got gamestate for bug
[3/5/2026, 8:27:57 PM] added a client record  for sockpuppet
[3/5/2026, 8:27:57 PM] data type listCommands
[3/5/2026, 8:27:57 PM] [CHIEF CHECK] Player: "sockpuppet", HasGameState: true, HasPopulation: true 
[3/5/2026, 8:27:57 PM] [CHIEF CHECK] Found player: true, Chief status: undefined 
[3/5/2026, 8:27:57 PM] [CHIEF CHECK] Player "sockpuppet" properties: gender,food,grain,basket,spearhead,handle,name,strength,profession,canCraft,history,vote,worked,consentList,inviteIndex,inviteList,guarding,activity,cannotInvite,isPregnant
[3/5/2026, 8:27:57 PM] [REF CHECK] Player "sockpuppet" isRef: false 
[3/5/2026, 8:27:57 PM] [CHIEF CHECK] Final isChief status: undefined 
[3/5/2026, 8:27:57 PM] [CHIEF CHECK] Filtered out 12 chief commands, sending 43 total commands 
[3/5/2026, 8:27:57 PM] [REF CHECK] Filtered out force options from 4 commands 
[3/5/2026, 8:28:00 PM] Client disconnected: unknown 
[3/5/2026, 8:28:00 PM] Client disconnected: unknown 
[3/5/2026, 8:28:00 PM] New client connected from unknown 
[3/5/2026, 8:28:00 PM] Received: listCommands  from unknown
[3/5/2026, 8:28:00 PM] got gamestate for bear
[3/5/2026, 8:28:00 PM] added a client record  for 
[3/5/2026, 8:28:00 PM] data type listCommands
[3/5/2026, 8:28:00 PM] [CHIEF CHECK] Player: "", HasGameState: true, HasPopulation: true 
[3/5/2026, 8:28:00 PM] [REF CHECK] Player "" isRef:  
[3/5/2026, 8:28:00 PM] [CHIEF CHECK] Final isChief status: false 
[3/5/2026, 8:28:00 PM] [CHIEF CHECK] Filtered out 12 chief commands, sending 43 total commands 
[3/5/2026, 8:28:00 PM] [REF CHECK] Filtered out force options from 4 commands 
[3/5/2026, 8:28:01 PM] Received: helpRequest  from Kevin
[3/5/2026, 8:28:01 PM] got gamestate for bug
[3/5/2026, 8:28:01 PM] added a client record  for Kevin
[3/5/2026, 8:28:01 PM] data type helpRequest
[3/5/2026, 8:28:09 PM] Received: listCommands  from ursa
[3/5/2026, 8:28:09 PM] got gamestate for bug
[3/5/2026, 8:28:09 PM] added a client record  for ursa
[3/5/2026, 8:28:09 PM] data type listCommands
[3/5/2026, 8:28:09 PM] [CHIEF CHECK] Player: "ursa", HasGameState: true, HasPopulation: true 
[3/5/2026, 8:28:09 PM] [CHIEF CHECK] Found player: false, Chief status: N/A 
[3/5/2026, 8:28:09 PM] [REF CHECK] Player "ursa" isRef: false 
[3/5/2026, 8:28:09 PM] [CHIEF CHECK] Final isChief status: null 
[3/5/2026, 8:28:09 PM] [CHIEF CHECK] Filtered out 12 chief commands, sending 43 total commands 
[3/5/2026, 8:28:09 PM] [REF CHECK] Filtered out force options from 4 commands 
[3/5/2026, 8:28:12 PM] Received: registerRequest  from ursa
[3/5/2026, 8:28:12 PM] got gamestate for bug
[3/5/2026, 8:28:12 PM] added a client record  for ursa
[3/5/2026, 8:28:12 PM] data type registerRequest
[3/5/2026, 8:28:12 PM] [SESSION] Created session for ursa from unknown 
[3/5/2026, 8:28:12 PM] Received: listCommands  from ursa
[3/5/2026, 8:28:12 PM] got gamestate for bug
[3/5/2026, 8:28:12 PM] added a client record  for ursa
[3/5/2026, 8:28:12 PM] data type listCommands
[3/5/2026, 8:28:12 PM] [CHIEF CHECK] Player: "ursa", HasGameState: true, HasPopulation: true 
[3/5/2026, 8:28:12 PM] [CHIEF CHECK] Found player: false, Chief status: N/A 
[3/5/2026, 8:28:12 PM] [REF CHECK] Player "ursa" isRef: false 
[3/5/2026, 8:28:12 PM] [CHIEF CHECK] Final isChief status: null 
[3/5/2026, 8:28:12 PM] [CHIEF CHECK] Filtered out 12 chief commands, sending 43 total commands 
[3/5/2026, 8:28:12 PM] [REF CHECK] Filtered out force options from 4 commands 
[3/5/2026, 8:30:33 PM] Client disconnected: ursa 
[3/5/2026, 8:30:33 PM] New client connected from unknown 
[3/5/2026, 8:30:33 PM] Received: listCommands  from unknown
[3/5/2026, 8:30:33 PM] got gamestate for bear
[3/5/2026, 8:30:33 PM] added a client record  for 
[3/5/2026, 8:30:33 PM] data type listCommands
[3/5/2026, 8:30:33 PM] [CHIEF CHECK] Player: "", HasGameState: true, HasPopulation: true 
[3/5/2026, 8:30:33 PM] [REF CHECK] Player "" isRef:  
[3/5/2026, 8:30:33 PM] [CHIEF CHECK] Final isChief status: false 
[3/5/2026, 8:30:33 PM] [CHIEF CHECK] Filtered out 12 chief commands, sending 43 total commands 
[3/5/2026, 8:30:33 PM] [REF CHECK] Filtered out force options from 4 commands 
[3/5/2026, 8:30:34 PM] Received: helpRequest  from ursa
[3/5/2026, 8:30:34 PM] got gamestate for bug
[3/5/2026, 8:30:34 PM] added a client record  for ursa
[3/5/2026, 8:30:34 PM] data type helpRequest
[3/5/2026, 8:30:40 PM] New client connected from unknown 
[3/5/2026, 8:30:40 PM] Received: listCommands  from unknown
[3/5/2026, 8:30:40 PM] got gamestate for bear
[3/5/2026, 8:30:40 PM] added a client record  for 
[3/5/2026, 8:30:40 PM] data type listCommands
[3/5/2026, 8:30:40 PM] [CHIEF CHECK] Player: "", HasGameState: true, HasPopulation: true 
[3/5/2026, 8:30:40 PM] [REF CHECK] Player "" isRef:  
[3/5/2026, 8:30:40 PM] [CHIEF CHECK] Final isChief status: false 
[3/5/2026, 8:30:40 PM] [CHIEF CHECK] Filtered out 12 chief commands, sending 43 total commands 
[3/5/2026, 8:30:40 PM] [REF CHECK] Filtered out force options from 4 commands 
[3/5/2026, 8:30:40 PM] Client disconnected: unknown 
[3/5/2026, 8:30:41 PM] Received: helpRequest  from ursa
[3/5/2026, 8:30:41 PM] got gamestate for bug
[3/5/2026, 8:30:41 PM] added a client record  for ursa
[3/5/2026, 8:30:41 PM] data type helpRequest
[3/5/2026, 8:30:45 PM] Client disconnected: unknown 
[3/5/2026, 8:30:45 PM] New client connected from unknown 
[3/5/2026, 8:30:45 PM] Received: listCommands  from unknown
[3/5/2026, 8:30:45 PM] got gamestate for bear
[3/5/2026, 8:30:45 PM] added a client record  for 
[3/5/2026, 8:30:45 PM] data type listCommands
[3/5/2026, 8:30:45 PM] [CHIEF CHECK] Player: "", HasGameState: true, HasPopulation: true 
[3/5/2026, 8:30:45 PM] [REF CHECK] Player "" isRef:  
[3/5/2026, 8:30:45 PM] [CHIEF CHECK] Final isChief status: false 
[3/5/2026, 8:30:45 PM] [CHIEF CHECK] Filtered out 12 chief commands, sending 43 total commands 
[3/5/2026, 8:30:45 PM] [REF CHECK] Filtered out force options from 4 commands 
[3/5/2026, 8:30:46 PM] Received: helpRequest  from ursa
[3/5/2026, 8:30:46 PM] got gamestate for bug
[3/5/2026, 8:30:46 PM] added a client record  for ursa
[3/5/2026, 8:30:46 PM] data type helpRequest
[3/5/2026, 8:30:50 PM] Received: listCommands  from kevin
[3/5/2026, 8:30:50 PM] got gamestate for bug
[3/5/2026, 8:30:50 PM] added a client record  for kevin
[3/5/2026, 8:30:50 PM] data type listCommands
[3/5/2026, 8:30:50 PM] [CHIEF CHECK] Player: "kevin", HasGameState: true, HasPopulation: true 
[3/5/2026, 8:30:50 PM] [CHIEF CHECK] Found player: true, Chief status: true 
[3/5/2026, 8:30:50 PM] [CHIEF CHECK] Player "kevin" properties: gender,food,grain,basket,spearhead,handle,name,profession,history,vote,chief,worked,consentList,inviteIndex,inviteList,canCraft,strategy,activity,cannotInvite,isInjured
[3/5/2026, 8:30:50 PM] [REF CHECK] Player "kevin" isRef: false 
[3/5/2026, 8:30:50 PM] [CHIEF CHECK] Final isChief status: true 
[3/5/2026, 8:30:50 PM] [CHIEF CHECK] Filtered out 0 chief commands, sending 55 total commands 
[3/5/2026, 8:30:50 PM] [REF CHECK] Filtered out force options from 5 commands 
[3/5/2026, 8:30:53 PM] Received: registerRequest  from kevin
[3/5/2026, 8:30:53 PM] got gamestate for bug
[3/5/2026, 8:30:53 PM] added a client record  for kevin
[3/5/2026, 8:30:53 PM] data type registerRequest
[3/5/2026, 8:30:53 PM] [SECURITY] Registration failed: name already exists with different case 'Kevin' 
[3/5/2026, 8:31:10 PM] Received: listCommands  from Kevin
[3/5/2026, 8:31:10 PM] got gamestate for bug
[3/5/2026, 8:31:10 PM] added a client record  for Kevin
[3/5/2026, 8:31:10 PM] data type listCommands
[3/5/2026, 8:31:10 PM] [CHIEF CHECK] Player: "Kevin", HasGameState: true, HasPopulation: true 
[3/5/2026, 8:31:10 PM] [CHIEF CHECK] Found player: true, Chief status: true 
[3/5/2026, 8:31:10 PM] [CHIEF CHECK] Player "Kevin" properties: gender,food,grain,basket,spearhead,handle,name,profession,history,vote,chief,worked,consentList,inviteIndex,inviteList,canCraft,strategy,activity,cannotInvite,isInjured
[3/5/2026, 8:31:10 PM] [REF CHECK] Player "Kevin" isRef: true 
[3/5/2026, 8:31:10 PM] [CHIEF CHECK] Final isChief status: true 
[3/5/2026, 8:31:10 PM] [CHIEF CHECK] Filtered out 0 chief commands, sending 55 total commands 
[3/5/2026, 8:31:10 PM] [REF CHECK] Filtered out force options from 0 commands 
[3/5/2026, 8:31:10 PM] Received: registerRequest  from Kevin
[3/5/2026, 8:31:10 PM] got gamestate for bug
[3/5/2026, 8:31:10 PM] added a client record  for Kevin
[3/5/2026, 8:31:10 PM] data type registerRequest
[3/5/2026, 8:31:16 PM] Received: registerRequest  from Kevin
[3/5/2026, 8:31:16 PM] got gamestate for bug
[3/5/2026, 8:31:16 PM] added a client record  for Kevin
[3/5/2026, 8:31:16 PM] data type registerRequest
[3/5/2026, 8:31:16 PM] [SESSION] Created session for Kevin from unknown 
[3/5/2026, 8:31:16 PM] Received: listCommands  from Kevin
[3/5/2026, 8:31:16 PM] got gamestate for bug
[3/5/2026, 8:31:16 PM] added a client record  for Kevin
[3/5/2026, 8:31:16 PM] data type listCommands
[3/5/2026, 8:31:16 PM] [CHIEF CHECK] Player: "Kevin", HasGameState: true, HasPopulation: true 
[3/5/2026, 8:31:16 PM] [CHIEF CHECK] Found player: true, Chief status: true 
[3/5/2026, 8:31:16 PM] [CHIEF CHECK] Player "Kevin" properties: gender,food,grain,basket,spearhead,handle,name,profession,history,vote,chief,worked,consentList,inviteIndex,inviteList,canCraft,strategy,activity,cannotInvite,isInjured
[3/5/2026, 8:31:16 PM] [REF CHECK] Player "Kevin" isRef: true 
[3/5/2026, 8:31:16 PM] [CHIEF CHECK] Final isChief status: true 
[3/5/2026, 8:31:16 PM] [CHIEF CHECK] Filtered out 0 chief commands, sending 55 total commands 
[3/5/2026, 8:31:16 PM] [REF CHECK] Filtered out force options from 0 commands 
[3/5/2026, 8:31:30 PM] Received: infoRequest  from Kevin
[3/5/2026, 8:31:30 PM] got gamestate for bug
[3/5/2026, 8:31:30 PM] added a client record  for Kevin
[3/5/2026, 8:31:30 PM] data type infoRequest
[3/5/2026, 8:35:59 PM] Client disconnected: Kevin 
[3/5/2026, 8:35:59 PM] New client connected from unknown 
[3/5/2026, 8:35:59 PM] Received: listCommands  from unknown
[3/5/2026, 8:35:59 PM] got gamestate for bear
[3/5/2026, 8:35:59 PM] added a client record  for 
[3/5/2026, 8:35:59 PM] data type listCommands
[3/5/2026, 8:35:59 PM] [CHIEF CHECK] Player: "", HasGameState: true, HasPopulation: true 
[3/5/2026, 8:35:59 PM] [REF CHECK] Player "" isRef:  
[3/5/2026, 8:35:59 PM] [CHIEF CHECK] Final isChief status: false 
[3/5/2026, 8:35:59 PM] [CHIEF CHECK] Filtered out 12 chief commands, sending 43 total commands 
[3/5/2026, 8:35:59 PM] [REF CHECK] Filtered out force options from 4 commands 
[3/5/2026, 8:36:00 PM] Received: helpRequest  from Kevin
[3/5/2026, 8:36:00 PM] got gamestate for bug
[3/5/2026, 8:36:00 PM] added a client record  for Kevin
[3/5/2026, 8:36:00 PM] data type helpRequest
[3/5/2026, 8:36:04 PM] Client disconnected: unknown 
[3/5/2026, 8:36:04 PM] New client connected from unknown 
[3/5/2026, 8:36:04 PM] Received: listCommands  from unknown
[3/5/2026, 8:36:04 PM] got gamestate for bear
[3/5/2026, 8:36:04 PM] added a client record  for 
[3/5/2026, 8:36:04 PM] data type listCommands
[3/5/2026, 8:36:04 PM] [CHIEF CHECK] Player: "", HasGameState: true, HasPopulation: true 
[3/5/2026, 8:36:04 PM] [REF CHECK] Player "" isRef:  
[3/5/2026, 8:36:04 PM] [CHIEF CHECK] Final isChief status: false 
[3/5/2026, 8:36:04 PM] [CHIEF CHECK] Filtered out 12 chief commands, sending 43 total commands 
[3/5/2026, 8:36:04 PM] [REF CHECK] Filtered out force options from 4 commands 
[3/5/2026, 8:36:05 PM] Received: helpRequest  from Kevin
[3/5/2026, 8:36:05 PM] got gamestate for bug
[3/5/2026, 8:36:05 PM] added a client record  for Kevin
[3/5/2026, 8:36:05 PM] data type helpRequest
[3/5/2026, 8:36:07 PM] Client disconnected: unknown 
[3/5/2026, 8:36:07 PM] New client connected from unknown 
[3/5/2026, 8:36:07 PM] Received: listCommands  from unknown
[3/5/2026, 8:36:07 PM] got gamestate for bear
[3/5/2026, 8:36:07 PM] added a client record  for 
[3/5/2026, 8:36:07 PM] data type listCommands
[3/5/2026, 8:36:07 PM] [CHIEF CHECK] Player: "", HasGameState: true, HasPopulation: true 
[3/5/2026, 8:36:07 PM] [REF CHECK] Player "" isRef:  
[3/5/2026, 8:36:07 PM] [CHIEF CHECK] Final isChief status: false 
[3/5/2026, 8:36:07 PM] [CHIEF CHECK] Filtered out 12 chief commands, sending 43 total commands 
[3/5/2026, 8:36:07 PM] [REF CHECK] Filtered out force options from 4 commands 
[3/5/2026, 8:36:08 PM] Received: helpRequest  from Kevin
[3/5/2026, 8:36:08 PM] got gamestate for bug
[3/5/2026, 8:36:08 PM] added a client record  for Kevin
[3/5/2026, 8:36:08 PM] data type helpRequest
[3/5/2026, 8:36:12 PM] Received: registerRequest  from Kevin
[3/5/2026, 8:36:12 PM] got gamestate for bug
[3/5/2026, 8:36:12 PM] added a client record  for Kevin
[3/5/2026, 8:36:12 PM] data type registerRequest
[3/5/2026, 8:36:20 PM] Received: registerRequest  from Kevin
[3/5/2026, 8:36:20 PM] got gamestate for bug
[3/5/2026, 8:36:20 PM] added a client record  for Kevin
[3/5/2026, 8:36:20 PM] data type registerRequest
[3/5/2026, 8:36:20 PM] [SESSION] Created session for Kevin from unknown 
[3/5/2026, 8:36:20 PM] Received: listCommands  from Kevin
[3/5/2026, 8:36:20 PM] got gamestate for bug
[3/5/2026, 8:36:20 PM] added a client record  for Kevin
[3/5/2026, 8:36:20 PM] data type listCommands
[3/5/2026, 8:36:20 PM] [CHIEF CHECK] Player: "Kevin", HasGameState: true, HasPopulation: true 
[3/5/2026, 8:36:20 PM] [CHIEF CHECK] Found player: true, Chief status: true 
[3/5/2026, 8:36:20 PM] [CHIEF CHECK] Player "Kevin" properties: gender,food,grain,basket,spearhead,handle,name,profession,history,vote,chief,worked,consentList,inviteIndex,inviteList,canCraft,strategy,activity,cannotInvite,isInjured
[3/5/2026, 8:36:20 PM] [REF CHECK] Player "Kevin" isRef: true 
[3/5/2026, 8:36:20 PM] [CHIEF CHECK] Final isChief status: true 
[3/5/2026, 8:36:20 PM] [CHIEF CHECK] Filtered out 0 chief commands, sending 55 total commands 
[3/5/2026, 8:36:20 PM] [REF CHECK] Filtered out force options from 0 commands 
[3/5/2026, 8:36:38 PM] Received: command induct from Kevin
[3/5/2026, 8:36:38 PM] got gamestate for bug
[3/5/2026, 8:36:38 PM] added a client record  for Kevin
[3/5/2026, 8:36:38 PM] data type command
[3/5/2026, 8:36:38 PM] Refreshing game data for 3 members of bug tribe 
[3/5/2026, 8:36:59 PM] Received: listCommands  from ursa
[3/5/2026, 8:36:59 PM] got gamestate for bug
[3/5/2026, 8:36:59 PM] added a client record  for ursa
[3/5/2026, 8:36:59 PM] data type listCommands
[3/5/2026, 8:36:59 PM] [CHIEF CHECK] Player: "ursa", HasGameState: true, HasPopulation: true 
[3/5/2026, 8:36:59 PM] [CHIEF CHECK] Found player: true, Chief status: undefined 
[3/5/2026, 8:36:59 PM] [CHIEF CHECK] Player "ursa" properties: gender,food,grain,basket,spearhead,handle,name,strength,history
[3/5/2026, 8:36:59 PM] [REF CHECK] Player "ursa" isRef: false 
[3/5/2026, 8:36:59 PM] [CHIEF CHECK] Final isChief status: undefined 
[3/5/2026, 8:36:59 PM] [CHIEF CHECK] Filtered out 12 chief commands, sending 43 total commands 
[3/5/2026, 8:36:59 PM] [REF CHECK] Filtered out force options from 4 commands 
[3/5/2026, 8:37:04 PM] Received: registerRequest  from ursa
[3/5/2026, 8:37:04 PM] got gamestate for bug
[3/5/2026, 8:37:04 PM] added a client record  for ursa
[3/5/2026, 8:37:04 PM] data type registerRequest
[3/5/2026, 8:37:04 PM] [SESSION] Created session for ursa from unknown 
[3/5/2026, 8:37:04 PM] Received: listCommands  from ursa
[3/5/2026, 8:37:04 PM] got gamestate for bug
[3/5/2026, 8:37:04 PM] added a client record  for ursa
[3/5/2026, 8:37:04 PM] data type listCommands
[3/5/2026, 8:37:04 PM] [CHIEF CHECK] Player: "ursa", HasGameState: true, HasPopulation: true 
[3/5/2026, 8:37:04 PM] [CHIEF CHECK] Found player: true, Chief status: undefined 
[3/5/2026, 8:37:04 PM] [CHIEF CHECK] Player "ursa" properties: gender,food,grain,basket,spearhead,handle,name,strength,history
[3/5/2026, 8:37:04 PM] [REF CHECK] Player "ursa" isRef: false 
[3/5/2026, 8:37:04 PM] [CHIEF CHECK] Final isChief status: undefined 
[3/5/2026, 8:37:04 PM] [CHIEF CHECK] Filtered out 12 chief commands, sending 43 total commands 
[3/5/2026, 8:37:04 PM] [REF CHECK] Filtered out force options from 4 commands 
[3/5/2026, 8:37:18 PM] Received: command specialize from ursa
[3/5/2026, 8:37:18 PM] got gamestate for bug
[3/5/2026, 8:37:18 PM] added a client record  for ursa
[3/5/2026, 8:37:18 PM] data type command
[3/5/2026, 8:37:18 PM] Refreshing game data for 3 members of bug tribe 
[3/5/2026, 8:42:57 PM] [SESSION] Created session for testPlayer from 192.168.1.1 
[3/5/2026, 8:42:57 PM] [SESSION] Created session for testPlayer from unknown 
[3/5/2026, 8:42:57 PM] [SESSION] Created session for testPlayer from unknown 
[3/5/2026, 8:42:57 PM] [SESSION] Created session for testPlayer from unknown 
[3/5/2026, 8:42:57 PM] [SESSION] Created session for testPlayer from unknown 
[3/5/2026, 8:42:57 PM] [SESSION] Created session for testPlayer from unknown 
[3/5/2026, 8:42:57 PM] [SESSION] Created session for testPlayer from unknown 
[3/5/2026, 8:42:57 PM] [SESSION] Destroyed session for testPlayer 
[3/5/2026, 8:42:57 PM] [SESSION] Created session for testPlayer from unknown 
[3/5/2026, 8:42:57 PM] [SESSION] Destroyed session for testPlayer 
[3/5/2026, 8:42:57 PM] [SESSION] Created session for testPlayer from unknown 
[3/5/2026, 8:42:57 PM] [SESSION] Created session for testPlayer from unknown 
[3/5/2026, 8:42:57 PM] [SESSION] Destroyed session for testPlayer 
[3/5/2026, 8:42:57 PM] [SESSION] Created session for testPlayer from unknown 
[3/5/2026, 8:42:57 PM] [SESSION] Created session for testPlayer from unknown 
[3/5/2026, 8:42:57 PM] [SESSION] Created session for testPlayer from unknown 
[3/5/2026, 8:42:57 PM] [SESSION] Destroyed all sessions for testPlayer 
[3/5/2026, 8:42:57 PM] [SESSION] Created session for player1 from unknown 
[3/5/2026, 8:42:57 PM] [SESSION] Created session for player2 from unknown 
[3/5/2026, 8:42:57 PM] [SESSION] Destroyed all sessions for player1 
[3/5/2026, 8:42:57 PM] Failed login attempt for testUser. Count: 1 
[3/5/2026, 8:42:57 PM] Failed login attempt for testUser. Count: 1 
[3/5/2026, 8:42:57 PM] Failed login attempt for testUser. Count: 2 
[3/5/2026, 8:42:57 PM] Failed login attempt for testUser. Count: 3 
[3/5/2026, 8:42:57 PM] Failed login attempt for testUser. Count: 1 
[3/5/2026, 8:42:57 PM] Failed login attempt for testUser. Count: 2 
[3/5/2026, 8:42:57 PM] Failed login attempt for testUser. Count: 3 
[3/5/2026, 8:42:57 PM] Failed login attempt for testUser. Count: 4 
[3/5/2026, 8:42:57 PM] Failed login attempt for testUser. Count: 5 
[3/5/2026, 8:42:57 PM] Failed login attempt for testUser. Count: 1 
[3/5/2026, 8:42:57 PM] Failed login attempt for testUser. Count: 2 
[3/5/2026, 8:42:57 PM] [SESSION] Created session for testPlayer from 192.168.1.1 
[3/5/2026, 8:42:57 PM] [SESSION] Created session for testPlayer from unknown 
[3/5/2026, 8:42:57 PM] [SESSION] Created session for testPlayer from unknown 
[3/5/2026, 8:42:57 PM] [SESSION] Created session for testPlayer from unknown 
[3/5/2026, 8:42:57 PM] [SESSION] Created session for testPlayer from unknown 
[3/5/2026, 8:42:57 PM] [SESSION] Created session for testPlayer from unknown 
[3/5/2026, 8:42:57 PM] [SESSION] Created session for testPlayer from unknown 
[3/5/2026, 8:42:57 PM] [SESSION] Destroyed session for testPlayer 
[3/5/2026, 8:42:57 PM] [SESSION] Created session for testPlayer from unknown 
[3/5/2026, 8:42:57 PM] [SESSION] Destroyed session for testPlayer 
[3/5/2026, 8:42:57 PM] [SESSION] Created session for testPlayer from unknown 
[3/5/2026, 8:42:57 PM] [SESSION] Created session for testPlayer from unknown 
[3/5/2026, 8:42:57 PM] [SESSION] Destroyed session for testPlayer 
[3/5/2026, 8:42:57 PM] [SESSION] Created session for testPlayer from unknown 
[3/5/2026, 8:42:57 PM] [SESSION] Created session for testPlayer from unknown 
[3/5/2026, 8:42:57 PM] [SESSION] Created session for testPlayer from unknown 
[3/5/2026, 8:42:57 PM] [SESSION] Destroyed all sessions for testPlayer 
[3/5/2026, 8:42:57 PM] [SESSION] Created session for player1 from unknown 
[3/5/2026, 8:42:57 PM] [SESSION] Created session for player2 from unknown 
[3/5/2026, 8:42:57 PM] [SESSION] Destroyed all sessions for player1 
[3/5/2026, 8:42:57 PM] Failed login attempt for testUser. Count: 1 
[3/5/2026, 8:42:57 PM] Failed login attempt for testUser. Count: 1 
[3/5/2026, 8:42:57 PM] Failed login attempt for testUser. Count: 2 
[3/5/2026, 8:42:57 PM] Failed login attempt for testUser. Count: 3 
[3/5/2026, 8:42:57 PM] Failed login attempt for testUser. Count: 1 
[3/5/2026, 8:42:57 PM] Failed login attempt for testUser. Count: 2 
[3/5/2026, 8:42:57 PM] Failed login attempt for testUser. Count: 3 
[3/5/2026, 8:42:57 PM] Failed login attempt for testUser. Count: 4 
[3/5/2026, 8:42:57 PM] Failed login attempt for testUser. Count: 5 
[3/5/2026, 8:42:57 PM] Failed login attempt for testUser. Count: 1 
[3/5/2026, 8:42:57 PM] Failed login attempt for testUser. Count: 2 
[3/5/2026, 8:44:14 PM] [SESSION] Created session for testPlayer from 192.168.1.1 
[3/5/2026, 8:44:14 PM] [SESSION] Created session for testPlayer from unknown 
[3/5/2026, 8:44:14 PM] [SESSION] Created session for testPlayer from unknown 
[3/5/2026, 8:44:14 PM] [SESSION] Created session for testPlayer from unknown 
[3/5/2026, 8:44:14 PM] [SESSION] Created session for testPlayer from unknown 
[3/5/2026, 8:44:14 PM] [SESSION] Created session for testPlayer from unknown 
[3/5/2026, 8:44:14 PM] [SESSION] Created session for testPlayer from unknown 
[3/5/2026, 8:44:14 PM] [SESSION] Destroyed session for testPlayer 
[3/5/2026, 8:44:14 PM] [SESSION] Created session for testPlayer from unknown 
[3/5/2026, 8:44:14 PM] [SESSION] Destroyed session for testPlayer 
[3/5/2026, 8:44:14 PM] [SESSION] Created session for testPlayer from unknown 
[3/5/2026, 8:44:14 PM] [SESSION] Created session for testPlayer from unknown 
[3/5/2026, 8:44:14 PM] [SESSION] Destroyed session for testPlayer 
[3/5/2026, 8:44:14 PM] [SESSION] Created session for testPlayer from unknown 
[3/5/2026, 8:44:14 PM] [SESSION] Created session for testPlayer from unknown 
[3/5/2026, 8:44:14 PM] [SESSION] Created session for testPlayer from unknown 
[3/5/2026, 8:44:14 PM] [SESSION] Destroyed all sessions for testPlayer 
[3/5/2026, 8:44:14 PM] [SESSION] Created session for player1 from unknown 
[3/5/2026, 8:44:14 PM] [SESSION] Created session for player2 from unknown 
[3/5/2026, 8:44:14 PM] [SESSION] Destroyed all sessions for player1 
[3/5/2026, 8:44:14 PM] Failed login attempt for testUser. Count: 1 
[3/5/2026, 8:44:14 PM] Failed login attempt for testUser. Count: 1 
[3/5/2026, 8:44:14 PM] Failed login attempt for testUser. Count: 2 
[3/5/2026, 8:44:14 PM] Failed login attempt for testUser. Count: 3 
[3/5/2026, 8:44:14 PM] Failed login attempt for testUser. Count: 1 
[3/5/2026, 8:44:14 PM] Failed login attempt for testUser. Count: 2 
[3/5/2026, 8:44:14 PM] Failed login attempt for testUser. Count: 3 
[3/5/2026, 8:44:14 PM] Failed login attempt for testUser. Count: 4 
[3/5/2026, 8:44:14 PM] Failed login attempt for testUser. Count: 5 
[3/5/2026, 8:44:14 PM] Failed login attempt for testUser. Count: 1 
[3/5/2026, 8:44:14 PM] Failed login attempt for testUser. Count: 2 
[3/5/2026, 8:44:14 PM] [SESSION] Created session for testPlayer from 192.168.1.1 
[3/5/2026, 8:44:14 PM] [SESSION] Created session for testPlayer from unknown 
[3/5/2026, 8:44:14 PM] [SESSION] Created session for testPlayer from unknown 
[3/5/2026, 8:44:14 PM] [SESSION] Created session for testPlayer from unknown 
[3/5/2026, 8:44:14 PM] [SESSION] Created session for testPlayer from unknown 
[3/5/2026, 8:44:14 PM] [SESSION] Created session for testPlayer from unknown 
[3/5/2026, 8:44:14 PM] [SESSION] Created session for testPlayer from unknown 
[3/5/2026, 8:44:14 PM] [SESSION] Destroyed session for testPlayer 
[3/5/2026, 8:44:14 PM] [SESSION] Created session for testPlayer from unknown 
[3/5/2026, 8:44:14 PM] [SESSION] Destroyed session for testPlayer 
[3/5/2026, 8:44:14 PM] [SESSION] Created session for testPlayer from unknown 
[3/5/2026, 8:44:14 PM] [SESSION] Created session for testPlayer from unknown 
[3/5/2026, 8:44:14 PM] [SESSION] Destroyed session for testPlayer 
[3/5/2026, 8:44:14 PM] [SESSION] Created session for testPlayer from unknown 
[3/5/2026, 8:44:14 PM] [SESSION] Created session for testPlayer from unknown 
[3/5/2026, 8:44:14 PM] [SESSION] Created session for testPlayer from unknown 
[3/5/2026, 8:44:14 PM] [SESSION] Destroyed all sessions for testPlayer 
[3/5/2026, 8:44:14 PM] [SESSION] Created session for player1 from unknown 
[3/5/2026, 8:44:14 PM] [SESSION] Created session for player2 from unknown 
[3/5/2026, 8:44:14 PM] [SESSION] Destroyed all sessions for player1 
[3/5/2026, 8:44:14 PM] Failed login attempt for testUser. Count: 1 
[3/5/2026, 8:44:14 PM] Failed login attempt for testUser. Count: 1 
[3/5/2026, 8:44:14 PM] Failed login attempt for testUser. Count: 2 
[3/5/2026, 8:44:14 PM] Failed login attempt for testUser. Count: 3 
[3/5/2026, 8:44:14 PM] Failed login attempt for testUser. Count: 1 
[3/5/2026, 8:44:14 PM] Failed login attempt for testUser. Count: 2 
[3/5/2026, 8:44:14 PM] Failed login attempt for testUser. Count: 3 
[3/5/2026, 8:44:14 PM] Failed login attempt for testUser. Count: 4 
[3/5/2026, 8:44:14 PM] Failed login attempt for testUser. Count: 5 
[3/5/2026, 8:44:14 PM] Failed login attempt for testUser. Count: 1 
[3/5/2026, 8:44:14 PM] Failed login attempt for testUser. Count: 2 
[3/5/2026, 8:59:28 PM] [SESSION] Created session for testPlayer from 192.168.1.1 
[3/5/2026, 8:59:28 PM] [SESSION] Created session for testPlayer from unknown 
[3/5/2026, 8:59:28 PM] [SESSION] Created session for testPlayer from unknown 
[3/5/2026, 8:59:28 PM] [SESSION] Created session for testPlayer from unknown 
[3/5/2026, 8:59:28 PM] [SESSION] Created session for testPlayer from unknown 
[3/5/2026, 8:59:28 PM] [SESSION] Created session for testPlayer from unknown 
[3/5/2026, 8:59:28 PM] [SESSION] Created session for testPlayer from unknown 
[3/5/2026, 8:59:28 PM] [SESSION] Destroyed session for testPlayer 
[3/5/2026, 8:59:28 PM] [SESSION] Created session for testPlayer from unknown 
[3/5/2026, 8:59:28 PM] [SESSION] Destroyed session for testPlayer 
[3/5/2026, 8:59:28 PM] [SESSION] Created session for testPlayer from unknown 
[3/5/2026, 8:59:28 PM] [SESSION] Created session for testPlayer from unknown 
[3/5/2026, 8:59:28 PM] [SESSION] Destroyed session for testPlayer 
[3/5/2026, 8:59:28 PM] [SESSION] Created session for testPlayer from unknown 
[3/5/2026, 8:59:28 PM] [SESSION] Created session for testPlayer from unknown 
[3/5/2026, 8:59:28 PM] [SESSION] Created session for testPlayer from unknown 
[3/5/2026, 8:59:28 PM] [SESSION] Destroyed all sessions for testPlayer 
[3/5/2026, 8:59:28 PM] [SESSION] Created session for player1 from unknown 
[3/5/2026, 8:59:28 PM] [SESSION] Created session for player2 from unknown 
[3/5/2026, 8:59:28 PM] [SESSION] Destroyed all sessions for player1 
[3/5/2026, 8:59:28 PM] Failed login attempt for testUser. Count: 1 
[3/5/2026, 8:59:28 PM] Failed login attempt for testUser. Count: 1 
[3/5/2026, 8:59:28 PM] Failed login attempt for testUser. Count: 2 
[3/5/2026, 8:59:28 PM] Failed login attempt for testUser. Count: 3 
[3/5/2026, 8:59:28 PM] Failed login attempt for testUser. Count: 1 
[3/5/2026, 8:59:28 PM] Failed login attempt for testUser. Count: 2 
[3/5/2026, 8:59:28 PM] Failed login attempt for testUser. Count: 3 
[3/5/2026, 8:59:28 PM] Failed login attempt for testUser. Count: 4 
[3/5/2026, 8:59:28 PM] Failed login attempt for testUser. Count: 5 
[3/5/2026, 8:59:28 PM] Failed login attempt for testUser. Count: 1 
[3/5/2026, 8:59:28 PM] Failed login attempt for testUser. Count: 2 
[3/5/2026, 8:59:28 PM] [SESSION] Created session for testPlayer from 192.168.1.1 
[3/5/2026, 8:59:28 PM] [SESSION] Created session for testPlayer from unknown 
[3/5/2026, 8:59:28 PM] [SESSION] Created session for testPlayer from unknown 
[3/5/2026, 8:59:28 PM] [SESSION] Created session for testPlayer from unknown 
[3/5/2026, 8:59:28 PM] [SESSION] Created session for testPlayer from unknown 
[3/5/2026, 8:59:28 PM] [SESSION] Created session for testPlayer from unknown 
[3/5/2026, 8:59:28 PM] [SESSION] Created session for testPlayer from unknown 
[3/5/2026, 8:59:28 PM] [SESSION] Destroyed session for testPlayer 
[3/5/2026, 8:59:28 PM] [SESSION] Created session for testPlayer from unknown 
[3/5/2026, 8:59:28 PM] [SESSION] Destroyed session for testPlayer 
[3/5/2026, 8:59:28 PM] [SESSION] Created session for testPlayer from unknown 
[3/5/2026, 8:59:28 PM] [SESSION] Created session for testPlayer from unknown 
[3/5/2026, 8:59:28 PM] [SESSION] Destroyed session for testPlayer 
[3/5/2026, 8:59:28 PM] [SESSION] Created session for testPlayer from unknown 
[3/5/2026, 8:59:28 PM] [SESSION] Created session for testPlayer from unknown 
[3/5/2026, 8:59:28 PM] [SESSION] Created session for testPlayer from unknown 
[3/5/2026, 8:59:28 PM] [SESSION] Destroyed all sessions for testPlayer 
[3/5/2026, 8:59:28 PM] [SESSION] Created session for player1 from unknown 
[3/5/2026, 8:59:28 PM] [SESSION] Created session for player2 from unknown 
[3/5/2026, 8:59:28 PM] [SESSION] Destroyed all sessions for player1 
[3/5/2026, 8:59:28 PM] Failed login attempt for testUser. Count: 1 
[3/5/2026, 8:59:28 PM] Failed login attempt for testUser. Count: 1 
[3/5/2026, 8:59:28 PM] Failed login attempt for testUser. Count: 2 
[3/5/2026, 8:59:28 PM] Failed login attempt for testUser. Count: 3 
[3/5/2026, 8:59:28 PM] Failed login attempt for testUser. Count: 1 
[3/5/2026, 8:59:28 PM] Failed login attempt for testUser. Count: 2 
[3/5/2026, 8:59:28 PM] Failed login attempt for testUser. Count: 3 
[3/5/2026, 8:59:28 PM] Failed login attempt for testUser. Count: 4 
[3/5/2026, 8:59:28 PM] Failed login attempt for testUser. Count: 5 
[3/5/2026, 8:59:28 PM] Failed login attempt for testUser. Count: 1 
[3/5/2026, 8:59:28 PM] Failed login attempt for testUser. Count: 2 
